{"numFailedTestSuites":7,"numFailedTests":49,"numPassedTestSuites":8,"numPassedTests":349,"numPendingTestSuites":0,"numPendingTests":0,"numRuntimeErrorTestSuites":0,"numTodoTests":0,"numTotalTestSuites":15,"numTotalTests":398,"openHandles":[],"snapshot":{"added":0,"didUpdate":false,"failure":false,"filesAdded":0,"filesRemoved":0,"filesRemovedList":[],"filesUnmatched":0,"filesUpdated":0,"matched":0,"total":0,"unchecked":0,"uncheckedKeysByFile":[],"unmatched":0,"updated":0},"startTime":1757548597720,"success":false,"testResults":[{"assertionResults":[{"ancestorTitles":["jest.setup"],"duration":6,"failureDetails":[],"failureMessages":[],"fullName":"jest.setup should pass","invocations":1,"location":null,"numPassingAsserts":1,"retryReasons":[],"status":"passed","title":"should pass"},{"ancestorTitles":["LoadingSpinner"],"duration":56,"failureDetails":[],"failureMessages":[],"fullName":"LoadingSpinner should render with default props","invocations":1,"location":null,"numPassingAsserts":1,"retryReasons":[],"status":"passed","title":"should render with default props"},{"ancestorTitles":["LoadingSpinner"],"duration":11,"failureDetails":[],"failureMessages":[],"fullName":"LoadingSpinner should display message when provided","invocations":1,"location":null,"numPassingAsserts":1,"retryReasons":[],"status":"passed","title":"should display message when provided"},{"ancestorTitles":["LoadingSpinner"],"duration":8,"failureDetails":[],"failureMessages":[],"fullName":"LoadingSpinner should apply size classes correctly","invocations":1,"location":null,"numPassingAsserts":2,"retryReasons":[],"status":"passed","title":"should apply size classes correctly"},{"ancestorTitles":["LoadingSpinner"],"duration":8,"failureDetails":[{"matcherResult":{"pass":false,"message":"\u001b[2mexpect(\u001b[22m\u001b[31melement\u001b[39m\u001b[2m).toHaveClass(\u001b[22m\u001b[32m\u001b[32m\"glassmorphic\"\u001b[39m\u001b[32m\u001b[39m\u001b[2m)\u001b[22m\n\nExpected the element to have class:\n\u001b[32m  glassmorphic\u001b[39m\nReceived:\n"}}],"failureMessages":["Error: \u001b[2mexpect(\u001b[22m\u001b[31melement\u001b[39m\u001b[2m).toHaveClass(\u001b[22m\u001b[32m\u001b[32m\"glassmorphic\"\u001b[39m\u001b[32m\u001b[39m\u001b[2m)\u001b[22m\n\nExpected the element to have class:\n\u001b[32m  glassmorphic\u001b[39m\nReceived:\n\n    at Object.<anonymous> (/Users/johnroberts/TradeYa Exp/src/components/ui/__tests__/EnhancedLoadingStates.test.tsx:94:23)\n    at Promise.then.completed (/Users/johnroberts/TradeYa Exp/node_modules/jest-circus/build/utils.js:298:28)\n    at new Promise (<anonymous>)\n    at callAsyncCircusFn (/Users/johnroberts/TradeYa Exp/node_modules/jest-circus/build/utils.js:231:10)\n    at _callCircusTest (/Users/johnroberts/TradeYa Exp/node_modules/jest-circus/build/run.js:316:40)\n    at async _runTest (/Users/johnroberts/TradeYa Exp/node_modules/jest-circus/build/run.js:252:3)\n    at async _runTestsForDescribeBlock (/Users/johnroberts/TradeYa Exp/node_modules/jest-circus/build/run.js:126:9)\n    at async _runTestsForDescribeBlock (/Users/johnroberts/TradeYa Exp/node_modules/jest-circus/build/run.js:121:9)\n    at async run (/Users/johnroberts/TradeYa Exp/node_modules/jest-circus/build/run.js:71:3)\n    at async runAndTransformResultsToJestFormat (/Users/johnroberts/TradeYa Exp/node_modules/jest-circus/build/legacy-code-todo-rewrite/jestAdapterInit.js:122:21)\n    at async jestAdapter (/Users/johnroberts/TradeYa Exp/node_modules/jest-circus/build/legacy-code-todo-rewrite/jestAdapter.js:79:19)\n    at async runTestInternal (/Users/johnroberts/TradeYa Exp/node_modules/jest-runner/build/runTest.js:367:16)\n    at async runTest (/Users/johnroberts/TradeYa Exp/node_modules/jest-runner/build/runTest.js:444:34)"],"fullName":"LoadingSpinner should apply variant styles correctly","invocations":1,"location":null,"numPassingAsserts":0,"retryReasons":[],"status":"failed","title":"should apply variant styles correctly"},{"ancestorTitles":["LoadingSpinner"],"duration":8,"failureDetails":[{"matcherResult":{"pass":false,"message":"\u001b[2mexpect(\u001b[22m\u001b[31melement\u001b[39m\u001b[2m).toHaveAttribute(\u001b[22m\u001b[32m\u001b[32m\"aria-label\"\u001b[39m\u001b[32m\u001b[39m\u001b[2m, \u001b[22m\u001b[32m\u001b[32mStringContaining \"loading\"\u001b[39m\u001b[32m\u001b[39m\u001b[2m) // element.getAttribute(\"aria-label\") === StringContaining \"loading\"\u001b[22m\n\nExpected the element to have attribute:\n\u001b[32m  aria-label=StringContaining \"loading\"\u001b[39m\nReceived:\n\u001b[31m  null\u001b[39m"}}],"failureMessages":["Error: \u001b[2mexpect(\u001b[22m\u001b[31melement\u001b[39m\u001b[2m).toHaveAttribute(\u001b[22m\u001b[32m\u001b[32m\"aria-label\"\u001b[39m\u001b[32m\u001b[39m\u001b[2m, \u001b[22m\u001b[32m\u001b[32mStringContaining \"loading\"\u001b[39m\u001b[32m\u001b[39m\u001b[2m) // element.getAttribute(\"aria-label\") === StringContaining \"loading\"\u001b[22m\n\nExpected the element to have attribute:\n\u001b[32m  aria-label=StringContaining \"loading\"\u001b[39m\nReceived:\n\u001b[31m  null\u001b[39m\n    at Object.<anonymous> (/Users/johnroberts/TradeYa Exp/src/components/ui/__tests__/EnhancedLoadingStates.test.tsx:105:21)\n    at Promise.then.completed (/Users/johnroberts/TradeYa Exp/node_modules/jest-circus/build/utils.js:298:28)\n    at new Promise (<anonymous>)\n    at callAsyncCircusFn (/Users/johnroberts/TradeYa Exp/node_modules/jest-circus/build/utils.js:231:10)\n    at _callCircusTest (/Users/johnroberts/TradeYa Exp/node_modules/jest-circus/build/run.js:316:40)\n    at async _runTest (/Users/johnroberts/TradeYa Exp/node_modules/jest-circus/build/run.js:252:3)\n    at async _runTestsForDescribeBlock (/Users/johnroberts/TradeYa Exp/node_modules/jest-circus/build/run.js:126:9)\n    at async _runTestsForDescribeBlock (/Users/johnroberts/TradeYa Exp/node_modules/jest-circus/build/run.js:121:9)\n    at async run (/Users/johnroberts/TradeYa Exp/node_modules/jest-circus/build/run.js:71:3)\n    at async runAndTransformResultsToJestFormat (/Users/johnroberts/TradeYa Exp/node_modules/jest-circus/build/legacy-code-todo-rewrite/jestAdapterInit.js:122:21)\n    at async jestAdapter (/Users/johnroberts/TradeYa Exp/node_modules/jest-circus/build/legacy-code-todo-rewrite/jestAdapter.js:79:19)\n    at async runTestInternal (/Users/johnroberts/TradeYa Exp/node_modules/jest-runner/build/runTest.js:367:16)\n    at async runTest (/Users/johnroberts/TradeYa Exp/node_modules/jest-runner/build/runTest.js:444:34)"],"fullName":"LoadingSpinner should be accessible","invocations":1,"location":null,"numPassingAsserts":0,"retryReasons":[],"status":"failed","title":"should be accessible"},{"ancestorTitles":["ContextualLoading"],"duration":10,"failureDetails":[],"failureMessages":[],"fullName":"ContextualLoading should render with context-specific icon and message","invocations":1,"location":null,"numPassingAsserts":1,"retryReasons":[],"status":"passed","title":"should render with context-specific icon and message"},{"ancestorTitles":["ContextualLoading"],"duration":10,"failureDetails":[],"failureMessages":[],"fullName":"ContextualLoading should show progress when provided","invocations":1,"location":null,"numPassingAsserts":1,"retryReasons":[],"status":"passed","title":"should show progress when provided"},{"ancestorTitles":["ContextualLoading"],"duration":5,"failureDetails":[],"failureMessages":[],"fullName":"ContextualLoading should use custom stage message when provided","invocations":1,"location":null,"numPassingAsserts":1,"retryReasons":[],"status":"passed","title":"should use custom stage message when provided"},{"ancestorTitles":["ContextualLoading"],"duration":16,"failureDetails":[],"failureMessages":[],"fullName":"ContextualLoading should auto-advance messages when no stage is provided","invocations":1,"location":null,"numPassingAsserts":2,"retryReasons":[],"status":"passed","title":"should auto-advance messages when no stage is provided"},{"ancestorTitles":["ContextualLoading"],"duration":14,"failureDetails":[],"failureMessages":[],"fullName":"ContextualLoading should show timeout state after specified time","invocations":1,"location":null,"numPassingAsserts":2,"retryReasons":[],"status":"passed","title":"should show timeout state after specified time"},{"ancestorTitles":["ContextualLoading"],"duration":78,"failureDetails":[],"failureMessages":[],"fullName":"ContextualLoading should show retry button on timeout with retry action","invocations":1,"location":null,"numPassingAsserts":1,"retryReasons":[],"status":"passed","title":"should show retry button on timeout with retry action"},{"ancestorTitles":["ContextualLoading"],"duration":5004,"failureDetails":[{"message":"thrown: \"Exceeded timeout of 5000 ms for a test.\nAdd a timeout value to this test to increase the timeout, if this is a long-running test. See https://jestjs.io/docs/api#testname-fn-timeout.\""}],"failureMessages":["Error: thrown: \"Exceeded timeout of 5000 ms for a test.\nAdd a timeout value to this test to increase the timeout, if this is a long-running test. See https://jestjs.io/docs/api#testname-fn-timeout.\"\n    at /Users/johnroberts/TradeYa Exp/src/components/ui/__tests__/EnhancedLoadingStates.test.tsx:186:3\n    at _dispatchDescribe (/Users/johnroberts/TradeYa Exp/node_modules/jest-circus/build/index.js:91:26)\n    at describe (/Users/johnroberts/TradeYa Exp/node_modules/jest-circus/build/index.js:55:5)\n    at Object.<anonymous> (/Users/johnroberts/TradeYa Exp/src/components/ui/__tests__/EnhancedLoadingStates.test.tsx:109:1)\n    at Runtime._execModule (/Users/johnroberts/TradeYa Exp/node_modules/jest-runtime/build/index.js:1439:24)\n    at Runtime._loadModule (/Users/johnroberts/TradeYa Exp/node_modules/jest-runtime/build/index.js:1022:12)\n    at Runtime.requireModule (/Users/johnroberts/TradeYa Exp/node_modules/jest-runtime/build/index.js:882:12)\n    at jestAdapter (/Users/johnroberts/TradeYa Exp/node_modules/jest-circus/build/legacy-code-todo-rewrite/jestAdapter.js:77:13)\n    at async runTestInternal (/Users/johnroberts/TradeYa Exp/node_modules/jest-runner/build/runTest.js:367:16)\n    at async runTest (/Users/johnroberts/TradeYa Exp/node_modules/jest-runner/build/runTest.js:444:34)"],"fullName":"ContextualLoading should handle retry action click","invocations":1,"location":null,"numPassingAsserts":1,"retryReasons":[],"status":"failed","title":"should handle retry action click"},{"ancestorTitles":["ContextualLoading"],"duration":4,"failureDetails":[{"name":"TestingLibraryElementError"}],"failureMessages":["TestingLibraryElementError: Unable to find an element with the text: /3s elapsed/i. This could be because the text is broken up by multiple elements. In this case, you can provide a function for your text matcher to make your matcher more flexible.\n\nIgnored nodes: comments, script, style\n\u001b[36m<body>\u001b[39m\n  \u001b[36m<div />\u001b[39m\n\u001b[36m</body>\u001b[39m\n    at Object.getElementError (/Users/johnroberts/TradeYa Exp/node_modules/@testing-library/react/node_modules/@testing-library/dom/dist/config.js:37:19)\n    at /Users/johnroberts/TradeYa Exp/node_modules/@testing-library/react/node_modules/@testing-library/dom/dist/query-helpers.js:76:38\n    at /Users/johnroberts/TradeYa Exp/node_modules/@testing-library/react/node_modules/@testing-library/dom/dist/query-helpers.js:52:17\n    at getByText (/Users/johnroberts/TradeYa Exp/node_modules/@testing-library/react/node_modules/@testing-library/dom/dist/query-helpers.js:95:19)\n    at Object.<anonymous> (/Users/johnroberts/TradeYa Exp/src/components/ui/__tests__/EnhancedLoadingStates.test.tsx:216:19)\n    at Promise.then.completed (/Users/johnroberts/TradeYa Exp/node_modules/jest-circus/build/utils.js:298:28)\n    at new Promise (<anonymous>)\n    at callAsyncCircusFn (/Users/johnroberts/TradeYa Exp/node_modules/jest-circus/build/utils.js:231:10)\n    at _callCircusTest (/Users/johnroberts/TradeYa Exp/node_modules/jest-circus/build/run.js:316:40)\n    at async _runTest (/Users/johnroberts/TradeYa Exp/node_modules/jest-circus/build/run.js:252:3)\n    at async _runTestsForDescribeBlock (/Users/johnroberts/TradeYa Exp/node_modules/jest-circus/build/run.js:126:9)\n    at async _runTestsForDescribeBlock (/Users/johnroberts/TradeYa Exp/node_modules/jest-circus/build/run.js:121:9)\n    at async run (/Users/johnroberts/TradeYa Exp/node_modules/jest-circus/build/run.js:71:3)\n    at async runAndTransformResultsToJestFormat (/Users/johnroberts/TradeYa Exp/node_modules/jest-circus/build/legacy-code-todo-rewrite/jestAdapterInit.js:122:21)\n    at async jestAdapter (/Users/johnroberts/TradeYa Exp/node_modules/jest-circus/build/legacy-code-todo-rewrite/jestAdapter.js:79:19)\n    at async runTestInternal (/Users/johnroberts/TradeYa Exp/node_modules/jest-runner/build/runTest.js:367:16)\n    at async runTest (/Users/johnroberts/TradeYa Exp/node_modules/jest-runner/build/runTest.js:444:34)"],"fullName":"ContextualLoading should show elapsed time","invocations":1,"location":null,"numPassingAsserts":0,"retryReasons":[],"status":"failed","title":"should show elapsed time"},{"ancestorTitles":["ContextualLoading"],"duration":2,"failureDetails":[{"name":"TestingLibraryElementError"}],"failureMessages":["TestingLibraryElementError: Unable to find an element with the text: /~7s remaining/i. This could be because the text is broken up by multiple elements. In this case, you can provide a function for your text matcher to make your matcher more flexible.\n\nIgnored nodes: comments, script, style\n\u001b[36m<body>\u001b[39m\n  \u001b[36m<div />\u001b[39m\n\u001b[36m</body>\u001b[39m\n    at Object.getElementError (/Users/johnroberts/TradeYa Exp/node_modules/@testing-library/react/node_modules/@testing-library/dom/dist/config.js:37:19)\n    at /Users/johnroberts/TradeYa Exp/node_modules/@testing-library/react/node_modules/@testing-library/dom/dist/query-helpers.js:76:38\n    at /Users/johnroberts/TradeYa Exp/node_modules/@testing-library/react/node_modules/@testing-library/dom/dist/query-helpers.js:52:17\n    at getByText (/Users/johnroberts/TradeYa Exp/node_modules/@testing-library/react/node_modules/@testing-library/dom/dist/query-helpers.js:95:19)\n    at Object.<anonymous> (/Users/johnroberts/TradeYa Exp/src/components/ui/__tests__/EnhancedLoadingStates.test.tsx:224:19)\n    at Promise.then.completed (/Users/johnroberts/TradeYa Exp/node_modules/jest-circus/build/utils.js:298:28)\n    at new Promise (<anonymous>)\n    at callAsyncCircusFn (/Users/johnroberts/TradeYa Exp/node_modules/jest-circus/build/utils.js:231:10)\n    at _callCircusTest (/Users/johnroberts/TradeYa Exp/node_modules/jest-circus/build/run.js:316:40)\n    at async _runTest (/Users/johnroberts/TradeYa Exp/node_modules/jest-circus/build/run.js:252:3)\n    at async _runTestsForDescribeBlock (/Users/johnroberts/TradeYa Exp/node_modules/jest-circus/build/run.js:126:9)\n    at async _runTestsForDescribeBlock (/Users/johnroberts/TradeYa Exp/node_modules/jest-circus/build/run.js:121:9)\n    at async run (/Users/johnroberts/TradeYa Exp/node_modules/jest-circus/build/run.js:71:3)\n    at async runAndTransformResultsToJestFormat (/Users/johnroberts/TradeYa Exp/node_modules/jest-circus/build/legacy-code-todo-rewrite/jestAdapterInit.js:122:21)\n    at async jestAdapter (/Users/johnroberts/TradeYa Exp/node_modules/jest-circus/build/legacy-code-todo-rewrite/jestAdapter.js:79:19)\n    at async runTestInternal (/Users/johnroberts/TradeYa Exp/node_modules/jest-runner/build/runTest.js:367:16)\n    at async runTest (/Users/johnroberts/TradeYa Exp/node_modules/jest-runner/build/runTest.js:444:34)"],"fullName":"ContextualLoading should show estimated remaining time","invocations":1,"location":null,"numPassingAsserts":0,"retryReasons":[],"status":"failed","title":"should show estimated remaining time"},{"ancestorTitles":["SkeletonLoading"],"duration":11,"failureDetails":[{"name":"TestingLibraryElementError"}],"failureMessages":["TestingLibraryElementError: Unable to find an accessible element with the role \"presentation\"\n\nThere are no accessible roles. But there might be some inaccessible roles. If you wish to access them, then set the `hidden` option to `true`. Learn more about this here: https://testing-library.com/docs/dom-testing-library/api-queries#byrole\n\nIgnored nodes: comments, script, style\n\u001b[36m<body>\u001b[39m\n  \u001b[36m<div />\u001b[39m\n\u001b[36m</body>\u001b[39m\n    at Object.getElementError (/Users/johnroberts/TradeYa Exp/node_modules/@testing-library/react/node_modules/@testing-library/dom/dist/config.js:37:19)\n    at /Users/johnroberts/TradeYa Exp/node_modules/@testing-library/react/node_modules/@testing-library/dom/dist/query-helpers.js:76:38\n    at getAllByRole (/Users/johnroberts/TradeYa Exp/node_modules/@testing-library/react/node_modules/@testing-library/dom/dist/query-helpers.js:109:15)\n    at Object.<anonymous> (/Users/johnroberts/TradeYa Exp/src/components/ui/__tests__/EnhancedLoadingStates.test.tsx:232:30)\n    at Promise.then.completed (/Users/johnroberts/TradeYa Exp/node_modules/jest-circus/build/utils.js:298:28)\n    at new Promise (<anonymous>)\n    at callAsyncCircusFn (/Users/johnroberts/TradeYa Exp/node_modules/jest-circus/build/utils.js:231:10)\n    at _callCircusTest (/Users/johnroberts/TradeYa Exp/node_modules/jest-circus/build/run.js:316:40)\n    at async _runTest (/Users/johnroberts/TradeYa Exp/node_modules/jest-circus/build/run.js:252:3)\n    at async _runTestsForDescribeBlock (/Users/johnroberts/TradeYa Exp/node_modules/jest-circus/build/run.js:126:9)\n    at async _runTestsForDescribeBlock (/Users/johnroberts/TradeYa Exp/node_modules/jest-circus/build/run.js:121:9)\n    at async run (/Users/johnroberts/TradeYa Exp/node_modules/jest-circus/build/run.js:71:3)\n    at async runAndTransformResultsToJestFormat (/Users/johnroberts/TradeYa Exp/node_modules/jest-circus/build/legacy-code-todo-rewrite/jestAdapterInit.js:122:21)\n    at async jestAdapter (/Users/johnroberts/TradeYa Exp/node_modules/jest-circus/build/legacy-code-todo-rewrite/jestAdapter.js:79:19)\n    at async runTestInternal (/Users/johnroberts/TradeYa Exp/node_modules/jest-runner/build/runTest.js:367:16)\n    at async runTest (/Users/johnroberts/TradeYa Exp/node_modules/jest-runner/build/runTest.js:444:34)"],"fullName":"SkeletonLoading should render card skeleton","invocations":1,"location":null,"numPassingAsserts":0,"retryReasons":[],"status":"failed","title":"should render card skeleton"},{"ancestorTitles":["SkeletonLoading"],"duration":4,"failureDetails":[{"name":"TestingLibraryElementError"}],"failureMessages":["TestingLibraryElementError: Unable to find an accessible element with the role \"presentation\"\n\nThere are no accessible roles. But there might be some inaccessible roles. If you wish to access them, then set the `hidden` option to `true`. Learn more about this here: https://testing-library.com/docs/dom-testing-library/api-queries#byrole\n\nIgnored nodes: comments, script, style\n\u001b[36m<body>\u001b[39m\n  \u001b[36m<div />\u001b[39m\n\u001b[36m</body>\u001b[39m\n    at Object.getElementError (/Users/johnroberts/TradeYa Exp/node_modules/@testing-library/react/node_modules/@testing-library/dom/dist/config.js:37:19)\n    at /Users/johnroberts/TradeYa Exp/node_modules/@testing-library/react/node_modules/@testing-library/dom/dist/query-helpers.js:76:38\n    at getAllByRole (/Users/johnroberts/TradeYa Exp/node_modules/@testing-library/react/node_modules/@testing-library/dom/dist/query-helpers.js:109:15)\n    at Object.<anonymous> (/Users/johnroberts/TradeYa Exp/src/components/ui/__tests__/EnhancedLoadingStates.test.tsx:240:30)\n    at Promise.then.completed (/Users/johnroberts/TradeYa Exp/node_modules/jest-circus/build/utils.js:298:28)\n    at new Promise (<anonymous>)\n    at callAsyncCircusFn (/Users/johnroberts/TradeYa Exp/node_modules/jest-circus/build/utils.js:231:10)\n    at _callCircusTest (/Users/johnroberts/TradeYa Exp/node_modules/jest-circus/build/run.js:316:40)\n    at async _runTest (/Users/johnroberts/TradeYa Exp/node_modules/jest-circus/build/run.js:252:3)\n    at async _runTestsForDescribeBlock (/Users/johnroberts/TradeYa Exp/node_modules/jest-circus/build/run.js:126:9)\n    at async _runTestsForDescribeBlock (/Users/johnroberts/TradeYa Exp/node_modules/jest-circus/build/run.js:121:9)\n    at async run (/Users/johnroberts/TradeYa Exp/node_modules/jest-circus/build/run.js:71:3)\n    at async runAndTransformResultsToJestFormat (/Users/johnroberts/TradeYa Exp/node_modules/jest-circus/build/legacy-code-todo-rewrite/jestAdapterInit.js:122:21)\n    at async jestAdapter (/Users/johnroberts/TradeYa Exp/node_modules/jest-circus/build/legacy-code-todo-rewrite/jestAdapter.js:79:19)\n    at async runTestInternal (/Users/johnroberts/TradeYa Exp/node_modules/jest-runner/build/runTest.js:367:16)\n    at async runTest (/Users/johnroberts/TradeYa Exp/node_modules/jest-runner/build/runTest.js:444:34)"],"fullName":"SkeletonLoading should render list skeleton","invocations":1,"location":null,"numPassingAsserts":0,"retryReasons":[],"status":"failed","title":"should render list skeleton"},{"ancestorTitles":["SkeletonLoading"],"duration":3,"failureDetails":[{"name":"TestingLibraryElementError"}],"failureMessages":["TestingLibraryElementError: Unable to find an accessible element with the role \"presentation\"\n\nThere are no accessible roles. But there might be some inaccessible roles. If you wish to access them, then set the `hidden` option to `true`. Learn more about this here: https://testing-library.com/docs/dom-testing-library/api-queries#byrole\n\nIgnored nodes: comments, script, style\n\u001b[36m<body>\u001b[39m\n  \u001b[36m<div />\u001b[39m\n\u001b[36m</body>\u001b[39m\n    at Object.getElementError (/Users/johnroberts/TradeYa Exp/node_modules/@testing-library/react/node_modules/@testing-library/dom/dist/config.js:37:19)\n    at /Users/johnroberts/TradeYa Exp/node_modules/@testing-library/react/node_modules/@testing-library/dom/dist/query-helpers.js:76:38\n    at /Users/johnroberts/TradeYa Exp/node_modules/@testing-library/react/node_modules/@testing-library/dom/dist/query-helpers.js:52:17\n    at getByRole (/Users/johnroberts/TradeYa Exp/node_modules/@testing-library/react/node_modules/@testing-library/dom/dist/query-helpers.js:95:19)\n    at Object.<anonymous> (/Users/johnroberts/TradeYa Exp/src/components/ui/__tests__/EnhancedLoadingStates.test.tsx:248:38)\n    at Promise.then.completed (/Users/johnroberts/TradeYa Exp/node_modules/jest-circus/build/utils.js:298:28)\n    at new Promise (<anonymous>)\n    at callAsyncCircusFn (/Users/johnroberts/TradeYa Exp/node_modules/jest-circus/build/utils.js:231:10)\n    at _callCircusTest (/Users/johnroberts/TradeYa Exp/node_modules/jest-circus/build/run.js:316:40)\n    at async _runTest (/Users/johnroberts/TradeYa Exp/node_modules/jest-circus/build/run.js:252:3)\n    at async _runTestsForDescribeBlock (/Users/johnroberts/TradeYa Exp/node_modules/jest-circus/build/run.js:126:9)\n    at async _runTestsForDescribeBlock (/Users/johnroberts/TradeYa Exp/node_modules/jest-circus/build/run.js:121:9)\n    at async run (/Users/johnroberts/TradeYa Exp/node_modules/jest-circus/build/run.js:71:3)\n    at async runAndTransformResultsToJestFormat (/Users/johnroberts/TradeYa Exp/node_modules/jest-circus/build/legacy-code-todo-rewrite/jestAdapterInit.js:122:21)\n    at async jestAdapter (/Users/johnroberts/TradeYa Exp/node_modules/jest-circus/build/legacy-code-todo-rewrite/jestAdapter.js:79:19)\n    at async runTestInternal (/Users/johnroberts/TradeYa Exp/node_modules/jest-runner/build/runTest.js:367:16)\n    at async runTest (/Users/johnroberts/TradeYa Exp/node_modules/jest-runner/build/runTest.js:444:34)"],"fullName":"SkeletonLoading should render profile skeleton","invocations":1,"location":null,"numPassingAsserts":0,"retryReasons":[],"status":"failed","title":"should render profile skeleton"},{"ancestorTitles":["SkeletonLoading"],"duration":6,"failureDetails":[{"name":"TestingLibraryElementError"}],"failureMessages":["TestingLibraryElementError: Unable to find an accessible element with the role \"presentation\"\n\nThere are no accessible roles. But there might be some inaccessible roles. If you wish to access them, then set the `hidden` option to `true`. Learn more about this here: https://testing-library.com/docs/dom-testing-library/api-queries#byrole\n\nIgnored nodes: comments, script, style\n\u001b[36m<body>\u001b[39m\n  \u001b[36m<div />\u001b[39m\n\u001b[36m</body>\u001b[39m\n    at Object.getElementError (/Users/johnroberts/TradeYa Exp/node_modules/@testing-library/react/node_modules/@testing-library/dom/dist/config.js:37:19)\n    at /Users/johnroberts/TradeYa Exp/node_modules/@testing-library/react/node_modules/@testing-library/dom/dist/query-helpers.js:76:38\n    at getAllByRole (/Users/johnroberts/TradeYa Exp/node_modules/@testing-library/react/node_modules/@testing-library/dom/dist/query-helpers.js:109:15)\n    at Object.<anonymous> (/Users/johnroberts/TradeYa Exp/src/components/ui/__tests__/EnhancedLoadingStates.test.tsx:256:30)\n    at Promise.then.completed (/Users/johnroberts/TradeYa Exp/node_modules/jest-circus/build/utils.js:298:28)\n    at new Promise (<anonymous>)\n    at callAsyncCircusFn (/Users/johnroberts/TradeYa Exp/node_modules/jest-circus/build/utils.js:231:10)\n    at _callCircusTest (/Users/johnroberts/TradeYa Exp/node_modules/jest-circus/build/run.js:316:40)\n    at async _runTest (/Users/johnroberts/TradeYa Exp/node_modules/jest-circus/build/run.js:252:3)\n    at async _runTestsForDescribeBlock (/Users/johnroberts/TradeYa Exp/node_modules/jest-circus/build/run.js:126:9)\n    at async _runTestsForDescribeBlock (/Users/johnroberts/TradeYa Exp/node_modules/jest-circus/build/run.js:121:9)\n    at async run (/Users/johnroberts/TradeYa Exp/node_modules/jest-circus/build/run.js:71:3)\n    at async runAndTransformResultsToJestFormat (/Users/johnroberts/TradeYa Exp/node_modules/jest-circus/build/legacy-code-todo-rewrite/jestAdapterInit.js:122:21)\n    at async jestAdapter (/Users/johnroberts/TradeYa Exp/node_modules/jest-circus/build/legacy-code-todo-rewrite/jestAdapter.js:79:19)\n    at async runTestInternal (/Users/johnroberts/TradeYa Exp/node_modules/jest-runner/build/runTest.js:367:16)\n    at async runTest (/Users/johnroberts/TradeYa Exp/node_modules/jest-runner/build/runTest.js:444:34)"],"fullName":"SkeletonLoading should render table skeleton","invocations":1,"location":null,"numPassingAsserts":0,"retryReasons":[],"status":"failed","title":"should render table skeleton"},{"ancestorTitles":["SkeletonLoading"],"duration":3,"failureDetails":[{"name":"TestingLibraryElementError"}],"failureMessages":["TestingLibraryElementError: Unable to find an element by: [data-testid=\"custom-skeleton\"]\n\nIgnored nodes: comments, script, style\n\u001b[36m<body>\u001b[39m\n  \u001b[36m<div />\u001b[39m\n\u001b[36m</body>\u001b[39m\n    at Object.getElementError (/Users/johnroberts/TradeYa Exp/node_modules/@testing-library/react/node_modules/@testing-library/dom/dist/config.js:37:19)\n    at /Users/johnroberts/TradeYa Exp/node_modules/@testing-library/react/node_modules/@testing-library/dom/dist/query-helpers.js:76:38\n    at /Users/johnroberts/TradeYa Exp/node_modules/@testing-library/react/node_modules/@testing-library/dom/dist/query-helpers.js:52:17\n    at getByTestId (/Users/johnroberts/TradeYa Exp/node_modules/@testing-library/react/node_modules/@testing-library/dom/dist/query-helpers.js:95:19)\n    at Object.<anonymous> (/Users/johnroberts/TradeYa Exp/src/components/ui/__tests__/EnhancedLoadingStates.test.tsx:267:19)\n    at Promise.then.completed (/Users/johnroberts/TradeYa Exp/node_modules/jest-circus/build/utils.js:298:28)\n    at new Promise (<anonymous>)\n    at callAsyncCircusFn (/Users/johnroberts/TradeYa Exp/node_modules/jest-circus/build/utils.js:231:10)\n    at _callCircusTest (/Users/johnroberts/TradeYa Exp/node_modules/jest-circus/build/run.js:316:40)\n    at async _runTest (/Users/johnroberts/TradeYa Exp/node_modules/jest-circus/build/run.js:252:3)\n    at async _runTestsForDescribeBlock (/Users/johnroberts/TradeYa Exp/node_modules/jest-circus/build/run.js:126:9)\n    at async _runTestsForDescribeBlock (/Users/johnroberts/TradeYa Exp/node_modules/jest-circus/build/run.js:121:9)\n    at async run (/Users/johnroberts/TradeYa Exp/node_modules/jest-circus/build/run.js:71:3)\n    at async runAndTransformResultsToJestFormat (/Users/johnroberts/TradeYa Exp/node_modules/jest-circus/build/legacy-code-todo-rewrite/jestAdapterInit.js:122:21)\n    at async jestAdapter (/Users/johnroberts/TradeYa Exp/node_modules/jest-circus/build/legacy-code-todo-rewrite/jestAdapter.js:79:19)\n    at async runTestInternal (/Users/johnroberts/TradeYa Exp/node_modules/jest-runner/build/runTest.js:367:16)\n    at async runTest (/Users/johnroberts/TradeYa Exp/node_modules/jest-runner/build/runTest.js:444:34)"],"fullName":"SkeletonLoading should render custom skeleton with children","invocations":1,"location":null,"numPassingAsserts":0,"retryReasons":[],"status":"failed","title":"should render custom skeleton with children"},{"ancestorTitles":["SkeletonLoading"],"duration":3,"failureDetails":[{"name":"TestingLibraryElementError"}],"failureMessages":["TestingLibraryElementError: Unable to find an accessible element with the role \"presentation\"\n\nThere are no accessible roles. But there might be some inaccessible roles. If you wish to access them, then set the `hidden` option to `true`. Learn more about this here: https://testing-library.com/docs/dom-testing-library/api-queries#byrole\n\nIgnored nodes: comments, script, style\n\u001b[36m<body>\u001b[39m\n  \u001b[36m<div />\u001b[39m\n\u001b[36m</body>\u001b[39m\n    at Object.getElementError (/Users/johnroberts/TradeYa Exp/node_modules/@testing-library/react/node_modules/@testing-library/dom/dist/config.js:37:19)\n    at /Users/johnroberts/TradeYa Exp/node_modules/@testing-library/react/node_modules/@testing-library/dom/dist/query-helpers.js:76:38\n    at getAllByRole (/Users/johnroberts/TradeYa Exp/node_modules/@testing-library/react/node_modules/@testing-library/dom/dist/query-helpers.js:109:15)\n    at Object.<anonymous> (/Users/johnroberts/TradeYa Exp/src/components/ui/__tests__/EnhancedLoadingStates.test.tsx:273:31)\n    at Promise.then.completed (/Users/johnroberts/TradeYa Exp/node_modules/jest-circus/build/utils.js:298:28)\n    at new Promise (<anonymous>)\n    at callAsyncCircusFn (/Users/johnroberts/TradeYa Exp/node_modules/jest-circus/build/utils.js:231:10)\n    at _callCircusTest (/Users/johnroberts/TradeYa Exp/node_modules/jest-circus/build/run.js:316:40)\n    at async _runTest (/Users/johnroberts/TradeYa Exp/node_modules/jest-circus/build/run.js:252:3)\n    at async _runTestsForDescribeBlock (/Users/johnroberts/TradeYa Exp/node_modules/jest-circus/build/run.js:126:9)\n    at async _runTestsForDescribeBlock (/Users/johnroberts/TradeYa Exp/node_modules/jest-circus/build/run.js:121:9)\n    at async run (/Users/johnroberts/TradeYa Exp/node_modules/jest-circus/build/run.js:71:3)\n    at async runAndTransformResultsToJestFormat (/Users/johnroberts/TradeYa Exp/node_modules/jest-circus/build/legacy-code-todo-rewrite/jestAdapterInit.js:122:21)\n    at async jestAdapter (/Users/johnroberts/TradeYa Exp/node_modules/jest-circus/build/legacy-code-todo-rewrite/jestAdapter.js:79:19)\n    at async runTestInternal (/Users/johnroberts/TradeYa Exp/node_modules/jest-runner/build/runTest.js:367:16)\n    at async runTest (/Users/johnroberts/TradeYa Exp/node_modules/jest-runner/build/runTest.js:444:34)"],"fullName":"SkeletonLoading should render multiple skeletons when count is specified","invocations":1,"location":null,"numPassingAsserts":0,"retryReasons":[],"status":"failed","title":"should render multiple skeletons when count is specified"},{"ancestorTitles":["SkeletonLoading"],"duration":4,"failureDetails":[{"name":"TestingLibraryElementError"}],"failureMessages":["TestingLibraryElementError: Unable to find an accessible element with the role \"presentation\"\n\nThere are no accessible roles. But there might be some inaccessible roles. If you wish to access them, then set the `hidden` option to `true`. Learn more about this here: https://testing-library.com/docs/dom-testing-library/api-queries#byrole\n\nIgnored nodes: comments, script, style\n\u001b[36m<body>\u001b[39m\n  \u001b[36m<div />\u001b[39m\n\u001b[36m</body>\u001b[39m\n    at Object.getElementError (/Users/johnroberts/TradeYa Exp/node_modules/@testing-library/react/node_modules/@testing-library/dom/dist/config.js:37:19)\n    at /Users/johnroberts/TradeYa Exp/node_modules/@testing-library/react/node_modules/@testing-library/dom/dist/query-helpers.js:76:38\n    at /Users/johnroberts/TradeYa Exp/node_modules/@testing-library/react/node_modules/@testing-library/dom/dist/query-helpers.js:52:17\n    at getByRole (/Users/johnroberts/TradeYa Exp/node_modules/@testing-library/react/node_modules/@testing-library/dom/dist/query-helpers.js:95:19)\n    at Object.<anonymous> (/Users/johnroberts/TradeYa Exp/src/components/ui/__tests__/EnhancedLoadingStates.test.tsx:281:30)\n    at Promise.then.completed (/Users/johnroberts/TradeYa Exp/node_modules/jest-circus/build/utils.js:298:28)\n    at new Promise (<anonymous>)\n    at callAsyncCircusFn (/Users/johnroberts/TradeYa Exp/node_modules/jest-circus/build/utils.js:231:10)\n    at _callCircusTest (/Users/johnroberts/TradeYa Exp/node_modules/jest-circus/build/run.js:316:40)\n    at async _runTest (/Users/johnroberts/TradeYa Exp/node_modules/jest-circus/build/run.js:252:3)\n    at async _runTestsForDescribeBlock (/Users/johnroberts/TradeYa Exp/node_modules/jest-circus/build/run.js:126:9)\n    at async _runTestsForDescribeBlock (/Users/johnroberts/TradeYa Exp/node_modules/jest-circus/build/run.js:121:9)\n    at async run (/Users/johnroberts/TradeYa Exp/node_modules/jest-circus/build/run.js:71:3)\n    at async runAndTransformResultsToJestFormat (/Users/johnroberts/TradeYa Exp/node_modules/jest-circus/build/legacy-code-todo-rewrite/jestAdapterInit.js:122:21)\n    at async jestAdapter (/Users/johnroberts/TradeYa Exp/node_modules/jest-circus/build/legacy-code-todo-rewrite/jestAdapter.js:79:19)\n    at async runTestInternal (/Users/johnroberts/TradeYa Exp/node_modules/jest-runner/build/runTest.js:367:16)\n    at async runTest (/Users/johnroberts/TradeYa Exp/node_modules/jest-runner/build/runTest.js:444:34)"],"fullName":"SkeletonLoading should apply custom className","invocations":1,"location":null,"numPassingAsserts":0,"retryReasons":[],"status":"failed","title":"should apply custom className"},{"ancestorTitles":["SkeletonLoading"],"duration":4,"failureDetails":[{"name":"TestingLibraryElementError"}],"failureMessages":["TestingLibraryElementError: Unable to find an accessible element with the role \"presentation\"\n\nThere are no accessible roles. But there might be some inaccessible roles. If you wish to access them, then set the `hidden` option to `true`. Learn more about this here: https://testing-library.com/docs/dom-testing-library/api-queries#byrole\n\nIgnored nodes: comments, script, style\n\u001b[36m<body>\u001b[39m\n  \u001b[36m<div />\u001b[39m\n\u001b[36m</body>\u001b[39m\n    at Object.getElementError (/Users/johnroberts/TradeYa Exp/node_modules/@testing-library/react/node_modules/@testing-library/dom/dist/config.js:37:19)\n    at /Users/johnroberts/TradeYa Exp/node_modules/@testing-library/react/node_modules/@testing-library/dom/dist/query-helpers.js:76:38\n    at /Users/johnroberts/TradeYa Exp/node_modules/@testing-library/react/node_modules/@testing-library/dom/dist/query-helpers.js:52:17\n    at getByRole (/Users/johnroberts/TradeYa Exp/node_modules/@testing-library/react/node_modules/@testing-library/dom/dist/query-helpers.js:95:19)\n    at Object.<anonymous> (/Users/johnroberts/TradeYa Exp/src/components/ui/__tests__/EnhancedLoadingStates.test.tsx:288:29)\n    at Promise.then.completed (/Users/johnroberts/TradeYa Exp/node_modules/jest-circus/build/utils.js:298:28)\n    at new Promise (<anonymous>)\n    at callAsyncCircusFn (/Users/johnroberts/TradeYa Exp/node_modules/jest-circus/build/utils.js:231:10)\n    at _callCircusTest (/Users/johnroberts/TradeYa Exp/node_modules/jest-circus/build/run.js:316:40)\n    at async _runTest (/Users/johnroberts/TradeYa Exp/node_modules/jest-circus/build/run.js:252:3)\n    at async _runTestsForDescribeBlock (/Users/johnroberts/TradeYa Exp/node_modules/jest-circus/build/run.js:126:9)\n    at async _runTestsForDescribeBlock (/Users/johnroberts/TradeYa Exp/node_modules/jest-circus/build/run.js:121:9)\n    at async run (/Users/johnroberts/TradeYa Exp/node_modules/jest-circus/build/run.js:71:3)\n    at async runAndTransformResultsToJestFormat (/Users/johnroberts/TradeYa Exp/node_modules/jest-circus/build/legacy-code-todo-rewrite/jestAdapterInit.js:122:21)\n    at async jestAdapter (/Users/johnroberts/TradeYa Exp/node_modules/jest-circus/build/legacy-code-todo-rewrite/jestAdapter.js:79:19)\n    at async runTestInternal (/Users/johnroberts/TradeYa Exp/node_modules/jest-runner/build/runTest.js:367:16)\n    at async runTest (/Users/johnroberts/TradeYa Exp/node_modules/jest-runner/build/runTest.js:444:34)"],"fullName":"SkeletonLoading should have proper accessibility attributes","invocations":1,"location":null,"numPassingAsserts":0,"retryReasons":[],"status":"failed","title":"should have proper accessibility attributes"},{"ancestorTitles":["ProgressiveLoading"],"duration":2,"failureDetails":[{"name":"TestingLibraryElementError"}],"failureMessages":["TestingLibraryElementError: Unable to find an element with the text: Initialize. This could be because the text is broken up by multiple elements. In this case, you can provide a function for your text matcher to make your matcher more flexible.\n\nIgnored nodes: comments, script, style\n\u001b[36m<body>\u001b[39m\n  \u001b[36m<div />\u001b[39m\n\u001b[36m</body>\u001b[39m\n    at Object.getElementError (/Users/johnroberts/TradeYa Exp/node_modules/@testing-library/react/node_modules/@testing-library/dom/dist/config.js:37:19)\n    at /Users/johnroberts/TradeYa Exp/node_modules/@testing-library/react/node_modules/@testing-library/dom/dist/query-helpers.js:76:38\n    at /Users/johnroberts/TradeYa Exp/node_modules/@testing-library/react/node_modules/@testing-library/dom/dist/query-helpers.js:52:17\n    at getByText (/Users/johnroberts/TradeYa Exp/node_modules/@testing-library/react/node_modules/@testing-library/dom/dist/query-helpers.js:95:19)\n    at forEach (/Users/johnroberts/TradeYa Exp/src/components/ui/__tests__/EnhancedLoadingStates.test.tsx:305:21)\n    at Array.forEach (<anonymous>)\n    at Object.<anonymous> (/Users/johnroberts/TradeYa Exp/src/components/ui/__tests__/EnhancedLoadingStates.test.tsx:304:16)\n    at Promise.then.completed (/Users/johnroberts/TradeYa Exp/node_modules/jest-circus/build/utils.js:298:28)\n    at new Promise (<anonymous>)\n    at callAsyncCircusFn (/Users/johnroberts/TradeYa Exp/node_modules/jest-circus/build/utils.js:231:10)\n    at _callCircusTest (/Users/johnroberts/TradeYa Exp/node_modules/jest-circus/build/run.js:316:40)\n    at async _runTest (/Users/johnroberts/TradeYa Exp/node_modules/jest-circus/build/run.js:252:3)\n    at async _runTestsForDescribeBlock (/Users/johnroberts/TradeYa Exp/node_modules/jest-circus/build/run.js:126:9)\n    at async _runTestsForDescribeBlock (/Users/johnroberts/TradeYa Exp/node_modules/jest-circus/build/run.js:121:9)\n    at async run (/Users/johnroberts/TradeYa Exp/node_modules/jest-circus/build/run.js:71:3)\n    at async runAndTransformResultsToJestFormat (/Users/johnroberts/TradeYa Exp/node_modules/jest-circus/build/legacy-code-todo-rewrite/jestAdapterInit.js:122:21)\n    at async jestAdapter (/Users/johnroberts/TradeYa Exp/node_modules/jest-circus/build/legacy-code-todo-rewrite/jestAdapter.js:79:19)\n    at async runTestInternal (/Users/johnroberts/TradeYa Exp/node_modules/jest-runner/build/runTest.js:367:16)\n    at async runTest (/Users/johnroberts/TradeYa Exp/node_modules/jest-runner/build/runTest.js:444:34)"],"fullName":"ProgressiveLoading should render all stages","invocations":1,"location":null,"numPassingAsserts":0,"retryReasons":[],"status":"failed","title":"should render all stages"},{"ancestorTitles":["ProgressiveLoading"],"duration":2,"failureDetails":[{"name":"TestingLibraryElementError"}],"failureMessages":["TestingLibraryElementError: Unable to find an element with the text: Load Data. This could be because the text is broken up by multiple elements. In this case, you can provide a function for your text matcher to make your matcher more flexible.\n\nIgnored nodes: comments, script, style\n\u001b[36m<body>\u001b[39m\n  \u001b[36m<div />\u001b[39m\n\u001b[36m</body>\u001b[39m\n    at Object.getElementError (/Users/johnroberts/TradeYa Exp/node_modules/@testing-library/react/node_modules/@testing-library/dom/dist/config.js:37:19)\n    at /Users/johnroberts/TradeYa Exp/node_modules/@testing-library/react/node_modules/@testing-library/dom/dist/query-helpers.js:76:38\n    at /Users/johnroberts/TradeYa Exp/node_modules/@testing-library/react/node_modules/@testing-library/dom/dist/query-helpers.js:52:17\n    at getByText (/Users/johnroberts/TradeYa Exp/node_modules/@testing-library/react/node_modules/@testing-library/dom/dist/query-helpers.js:95:19)\n    at Object.<anonymous> (/Users/johnroberts/TradeYa Exp/src/components/ui/__tests__/EnhancedLoadingStates.test.tsx:313:33)\n    at Promise.then.completed (/Users/johnroberts/TradeYa Exp/node_modules/jest-circus/build/utils.js:298:28)\n    at new Promise (<anonymous>)\n    at callAsyncCircusFn (/Users/johnroberts/TradeYa Exp/node_modules/jest-circus/build/utils.js:231:10)\n    at _callCircusTest (/Users/johnroberts/TradeYa Exp/node_modules/jest-circus/build/run.js:316:40)\n    at async _runTest (/Users/johnroberts/TradeYa Exp/node_modules/jest-circus/build/run.js:252:3)\n    at async _runTestsForDescribeBlock (/Users/johnroberts/TradeYa Exp/node_modules/jest-circus/build/run.js:126:9)\n    at async _runTestsForDescribeBlock (/Users/johnroberts/TradeYa Exp/node_modules/jest-circus/build/run.js:121:9)\n    at async run (/Users/johnroberts/TradeYa Exp/node_modules/jest-circus/build/run.js:71:3)\n    at async runAndTransformResultsToJestFormat (/Users/johnroberts/TradeYa Exp/node_modules/jest-circus/build/legacy-code-todo-rewrite/jestAdapterInit.js:122:21)\n    at async jestAdapter (/Users/johnroberts/TradeYa Exp/node_modules/jest-circus/build/legacy-code-todo-rewrite/jestAdapter.js:79:19)\n    at async runTestInternal (/Users/johnroberts/TradeYa Exp/node_modules/jest-runner/build/runTest.js:367:16)\n    at async runTest (/Users/johnroberts/TradeYa Exp/node_modules/jest-runner/build/runTest.js:444:34)"],"fullName":"ProgressiveLoading should highlight current stage","invocations":1,"location":null,"numPassingAsserts":0,"retryReasons":[],"status":"failed","title":"should highlight current stage"},{"ancestorTitles":["ProgressiveLoading"],"duration":2,"failureDetails":[{"name":"TestingLibraryElementError"}],"failureMessages":["TestingLibraryElementError: Unable to find an element with the text: Initialize. This could be because the text is broken up by multiple elements. In this case, you can provide a function for your text matcher to make your matcher more flexible.\n\nIgnored nodes: comments, script, style\n\u001b[36m<body>\u001b[39m\n  \u001b[36m<div />\u001b[39m\n\u001b[36m</body>\u001b[39m\n    at Object.getElementError (/Users/johnroberts/TradeYa Exp/node_modules/@testing-library/react/node_modules/@testing-library/dom/dist/config.js:37:19)\n    at /Users/johnroberts/TradeYa Exp/node_modules/@testing-library/react/node_modules/@testing-library/dom/dist/query-helpers.js:76:38\n    at /Users/johnroberts/TradeYa Exp/node_modules/@testing-library/react/node_modules/@testing-library/dom/dist/query-helpers.js:52:17\n    at getByText (/Users/johnroberts/TradeYa Exp/node_modules/@testing-library/react/node_modules/@testing-library/dom/dist/query-helpers.js:95:19)\n    at Object.<anonymous> (/Users/johnroberts/TradeYa Exp/src/components/ui/__tests__/EnhancedLoadingStates.test.tsx:320:35)\n    at Promise.then.completed (/Users/johnroberts/TradeYa Exp/node_modules/jest-circus/build/utils.js:298:28)\n    at new Promise (<anonymous>)\n    at callAsyncCircusFn (/Users/johnroberts/TradeYa Exp/node_modules/jest-circus/build/utils.js:231:10)\n    at _callCircusTest (/Users/johnroberts/TradeYa Exp/node_modules/jest-circus/build/run.js:316:40)\n    at async _runTest (/Users/johnroberts/TradeYa Exp/node_modules/jest-circus/build/run.js:252:3)\n    at async _runTestsForDescribeBlock (/Users/johnroberts/TradeYa Exp/node_modules/jest-circus/build/run.js:126:9)\n    at async _runTestsForDescribeBlock (/Users/johnroberts/TradeYa Exp/node_modules/jest-circus/build/run.js:121:9)\n    at async run (/Users/johnroberts/TradeYa Exp/node_modules/jest-circus/build/run.js:71:3)\n    at async runAndTransformResultsToJestFormat (/Users/johnroberts/TradeYa Exp/node_modules/jest-circus/build/legacy-code-todo-rewrite/jestAdapterInit.js:122:21)\n    at async jestAdapter (/Users/johnroberts/TradeYa Exp/node_modules/jest-circus/build/legacy-code-todo-rewrite/jestAdapter.js:79:19)\n    at async runTestInternal (/Users/johnroberts/TradeYa Exp/node_modules/jest-runner/build/runTest.js:367:16)\n    at async runTest (/Users/johnroberts/TradeYa Exp/node_modules/jest-runner/build/runTest.js:444:34)"],"fullName":"ProgressiveLoading should show completed stages","invocations":1,"location":null,"numPassingAsserts":0,"retryReasons":[],"status":"failed","title":"should show completed stages"},{"ancestorTitles":["ProgressiveLoading"],"duration":3,"failureDetails":[{"name":"TestingLibraryElementError"}],"failureMessages":["TestingLibraryElementError: Unable to find an element with the text: Load Data. This could be because the text is broken up by multiple elements. In this case, you can provide a function for your text matcher to make your matcher more flexible.\n\nIgnored nodes: comments, script, style\n\u001b[36m<body>\u001b[39m\n  \u001b[36m<div />\u001b[39m\n\u001b[36m</body>\u001b[39m\n    at Object.getElementError (/Users/johnroberts/TradeYa Exp/node_modules/@testing-library/react/node_modules/@testing-library/dom/dist/config.js:37:19)\n    at /Users/johnroberts/TradeYa Exp/node_modules/@testing-library/react/node_modules/@testing-library/dom/dist/query-helpers.js:76:38\n    at /Users/johnroberts/TradeYa Exp/node_modules/@testing-library/react/node_modules/@testing-library/dom/dist/query-helpers.js:52:17\n    at getByText (/Users/johnroberts/TradeYa Exp/node_modules/@testing-library/react/node_modules/@testing-library/dom/dist/query-helpers.js:95:19)\n    at Object.<anonymous> (/Users/johnroberts/TradeYa Exp/src/components/ui/__tests__/EnhancedLoadingStates.test.tsx:327:40)\n    at Promise.then.completed (/Users/johnroberts/TradeYa Exp/node_modules/jest-circus/build/utils.js:298:28)\n    at new Promise (<anonymous>)\n    at callAsyncCircusFn (/Users/johnroberts/TradeYa Exp/node_modules/jest-circus/build/utils.js:231:10)\n    at _callCircusTest (/Users/johnroberts/TradeYa Exp/node_modules/jest-circus/build/run.js:316:40)\n    at async _runTest (/Users/johnroberts/TradeYa Exp/node_modules/jest-circus/build/run.js:252:3)\n    at async _runTestsForDescribeBlock (/Users/johnroberts/TradeYa Exp/node_modules/jest-circus/build/run.js:126:9)\n    at async _runTestsForDescribeBlock (/Users/johnroberts/TradeYa Exp/node_modules/jest-circus/build/run.js:121:9)\n    at async run (/Users/johnroberts/TradeYa Exp/node_modules/jest-circus/build/run.js:71:3)\n    at async runAndTransformResultsToJestFormat (/Users/johnroberts/TradeYa Exp/node_modules/jest-circus/build/legacy-code-todo-rewrite/jestAdapterInit.js:122:21)\n    at async jestAdapter (/Users/johnroberts/TradeYa Exp/node_modules/jest-circus/build/legacy-code-todo-rewrite/jestAdapter.js:79:19)\n    at async runTestInternal (/Users/johnroberts/TradeYa Exp/node_modules/jest-runner/build/runTest.js:367:16)\n    at async runTest (/Users/johnroberts/TradeYa Exp/node_modules/jest-runner/build/runTest.js:444:34)"],"fullName":"ProgressiveLoading should show loading indicator for current stage","invocations":1,"location":null,"numPassingAsserts":0,"retryReasons":[],"status":"failed","title":"should show loading indicator for current stage"},{"ancestorTitles":["ProgressiveLoading"],"duration":2,"failureDetails":[{"name":"TestingLibraryElementError"}],"failureMessages":["TestingLibraryElementError: Unable to find an element with the text: Initialize. This could be because the text is broken up by multiple elements. In this case, you can provide a function for your text matcher to make your matcher more flexible.\n\nIgnored nodes: comments, script, style\n\u001b[36m<body>\u001b[39m\n  \u001b[36m<div />\u001b[39m\n\u001b[36m</body>\u001b[39m\n    at Object.getElementError (/Users/johnroberts/TradeYa Exp/node_modules/@testing-library/react/node_modules/@testing-library/dom/dist/config.js:37:19)\n    at /Users/johnroberts/TradeYa Exp/node_modules/@testing-library/react/node_modules/@testing-library/dom/dist/query-helpers.js:76:38\n    at /Users/johnroberts/TradeYa Exp/node_modules/@testing-library/react/node_modules/@testing-library/dom/dist/query-helpers.js:52:17\n    at getByText (/Users/johnroberts/TradeYa Exp/node_modules/@testing-library/react/node_modules/@testing-library/dom/dist/query-helpers.js:95:19)\n    at Object.<anonymous> (/Users/johnroberts/TradeYa Exp/src/components/ui/__tests__/EnhancedLoadingStates.test.tsx:335:35)\n    at Promise.then.completed (/Users/johnroberts/TradeYa Exp/node_modules/jest-circus/build/utils.js:298:28)\n    at new Promise (<anonymous>)\n    at callAsyncCircusFn (/Users/johnroberts/TradeYa Exp/node_modules/jest-circus/build/utils.js:231:10)\n    at _callCircusTest (/Users/johnroberts/TradeYa Exp/node_modules/jest-circus/build/run.js:316:40)\n    at async _runTest (/Users/johnroberts/TradeYa Exp/node_modules/jest-circus/build/run.js:252:3)\n    at async _runTestsForDescribeBlock (/Users/johnroberts/TradeYa Exp/node_modules/jest-circus/build/run.js:126:9)\n    at async _runTestsForDescribeBlock (/Users/johnroberts/TradeYa Exp/node_modules/jest-circus/build/run.js:121:9)\n    at async run (/Users/johnroberts/TradeYa Exp/node_modules/jest-circus/build/run.js:71:3)\n    at async runAndTransformResultsToJestFormat (/Users/johnroberts/TradeYa Exp/node_modules/jest-circus/build/legacy-code-todo-rewrite/jestAdapterInit.js:122:21)\n    at async jestAdapter (/Users/johnroberts/TradeYa Exp/node_modules/jest-circus/build/legacy-code-todo-rewrite/jestAdapter.js:79:19)\n    at async runTestInternal (/Users/johnroberts/TradeYa Exp/node_modules/jest-runner/build/runTest.js:367:16)\n    at async runTest (/Users/johnroberts/TradeYa Exp/node_modules/jest-runner/build/runTest.js:444:34)"],"fullName":"ProgressiveLoading should show check mark for completed stages","invocations":1,"location":null,"numPassingAsserts":0,"retryReasons":[],"status":"failed","title":"should show check mark for completed stages"},{"ancestorTitles":["ProgressiveLoading"],"duration":7,"failureDetails":[{"name":"TestingLibraryElementError"}],"failureMessages":["TestingLibraryElementError: Unable to find an accessible element with the role \"progressbar\"\n\nThere are no accessible roles. But there might be some inaccessible roles. If you wish to access them, then set the `hidden` option to `true`. Learn more about this here: https://testing-library.com/docs/dom-testing-library/api-queries#byrole\n\nIgnored nodes: comments, script, style\n\u001b[36m<body>\u001b[39m\n  \u001b[36m<div />\u001b[39m\n\u001b[36m</body>\u001b[39m\n    at Object.getElementError (/Users/johnroberts/TradeYa Exp/node_modules/@testing-library/react/node_modules/@testing-library/dom/dist/config.js:37:19)\n    at /Users/johnroberts/TradeYa Exp/node_modules/@testing-library/react/node_modules/@testing-library/dom/dist/query-helpers.js:76:38\n    at /Users/johnroberts/TradeYa Exp/node_modules/@testing-library/react/node_modules/@testing-library/dom/dist/query-helpers.js:52:17\n    at getByRole (/Users/johnroberts/TradeYa Exp/node_modules/@testing-library/react/node_modules/@testing-library/dom/dist/query-helpers.js:95:19)\n    at Object.<anonymous> (/Users/johnroberts/TradeYa Exp/src/components/ui/__tests__/EnhancedLoadingStates.test.tsx:349:30)\n    at Promise.then.completed (/Users/johnroberts/TradeYa Exp/node_modules/jest-circus/build/utils.js:298:28)\n    at new Promise (<anonymous>)\n    at callAsyncCircusFn (/Users/johnroberts/TradeYa Exp/node_modules/jest-circus/build/utils.js:231:10)\n    at _callCircusTest (/Users/johnroberts/TradeYa Exp/node_modules/jest-circus/build/run.js:316:40)\n    at async _runTest (/Users/johnroberts/TradeYa Exp/node_modules/jest-circus/build/run.js:252:3)\n    at async _runTestsForDescribeBlock (/Users/johnroberts/TradeYa Exp/node_modules/jest-circus/build/run.js:126:9)\n    at async _runTestsForDescribeBlock (/Users/johnroberts/TradeYa Exp/node_modules/jest-circus/build/run.js:121:9)\n    at async run (/Users/johnroberts/TradeYa Exp/node_modules/jest-circus/build/run.js:71:3)\n    at async runAndTransformResultsToJestFormat (/Users/johnroberts/TradeYa Exp/node_modules/jest-circus/build/legacy-code-todo-rewrite/jestAdapterInit.js:122:21)\n    at async jestAdapter (/Users/johnroberts/TradeYa Exp/node_modules/jest-circus/build/legacy-code-todo-rewrite/jestAdapter.js:79:19)\n    at async runTestInternal (/Users/johnroberts/TradeYa Exp/node_modules/jest-runner/build/runTest.js:367:16)\n    at async runTest (/Users/johnroberts/TradeYa Exp/node_modules/jest-runner/build/runTest.js:444:34)"],"fullName":"ProgressiveLoading should apply custom className","invocations":1,"location":null,"numPassingAsserts":0,"retryReasons":[],"status":"failed","title":"should apply custom className"},{"ancestorTitles":["ProgressiveLoading"],"duration":4,"failureDetails":[{"name":"TestingLibraryElementError"}],"failureMessages":["TestingLibraryElementError: Unable to find an accessible element with the role \"progressbar\"\n\nThere are no accessible roles. But there might be some inaccessible roles. If you wish to access them, then set the `hidden` option to `true`. Learn more about this here: https://testing-library.com/docs/dom-testing-library/api-queries#byrole\n\nIgnored nodes: comments, script, style\n\u001b[36m<body>\u001b[39m\n  \u001b[36m<div />\u001b[39m\n\u001b[36m</body>\u001b[39m\n    at Object.getElementError (/Users/johnroberts/TradeYa Exp/node_modules/@testing-library/react/node_modules/@testing-library/dom/dist/config.js:37:19)\n    at /Users/johnroberts/TradeYa Exp/node_modules/@testing-library/react/node_modules/@testing-library/dom/dist/query-helpers.js:76:38\n    at /Users/johnroberts/TradeYa Exp/node_modules/@testing-library/react/node_modules/@testing-library/dom/dist/query-helpers.js:52:17\n    at getByRole (/Users/johnroberts/TradeYa Exp/node_modules/@testing-library/react/node_modules/@testing-library/dom/dist/query-helpers.js:95:19)\n    at Object.<anonymous> (/Users/johnroberts/TradeYa Exp/src/components/ui/__tests__/EnhancedLoadingStates.test.tsx:356:38)\n    at Promise.then.completed (/Users/johnroberts/TradeYa Exp/node_modules/jest-circus/build/utils.js:298:28)\n    at new Promise (<anonymous>)\n    at callAsyncCircusFn (/Users/johnroberts/TradeYa Exp/node_modules/jest-circus/build/utils.js:231:10)\n    at _callCircusTest (/Users/johnroberts/TradeYa Exp/node_modules/jest-circus/build/run.js:316:40)\n    at async _runTest (/Users/johnroberts/TradeYa Exp/node_modules/jest-circus/build/run.js:252:3)\n    at async _runTestsForDescribeBlock (/Users/johnroberts/TradeYa Exp/node_modules/jest-circus/build/run.js:126:9)\n    at async _runTestsForDescribeBlock (/Users/johnroberts/TradeYa Exp/node_modules/jest-circus/build/run.js:121:9)\n    at async run (/Users/johnroberts/TradeYa Exp/node_modules/jest-circus/build/run.js:71:3)\n    at async runAndTransformResultsToJestFormat (/Users/johnroberts/TradeYa Exp/node_modules/jest-circus/build/legacy-code-todo-rewrite/jestAdapterInit.js:122:21)\n    at async jestAdapter (/Users/johnroberts/TradeYa Exp/node_modules/jest-circus/build/legacy-code-todo-rewrite/jestAdapter.js:79:19)\n    at async runTestInternal (/Users/johnroberts/TradeYa Exp/node_modules/jest-runner/build/runTest.js:367:16)\n    at async runTest (/Users/johnroberts/TradeYa Exp/node_modules/jest-runner/build/runTest.js:444:34)"],"fullName":"ProgressiveLoading should be accessible","invocations":1,"location":null,"numPassingAsserts":0,"retryReasons":[],"status":"failed","title":"should be accessible"},{"ancestorTitles":["ProgressiveLoading"],"duration":3,"failureDetails":[{"name":"TestingLibraryElementError"}],"failureMessages":["TestingLibraryElementError: Unable to find an element with the text: /no stages/i. This could be because the text is broken up by multiple elements. In this case, you can provide a function for your text matcher to make your matcher more flexible.\n\nIgnored nodes: comments, script, style\n\u001b[36m<body>\u001b[39m\n  \u001b[36m<div />\u001b[39m\n\u001b[36m</body>\u001b[39m\n    at Object.getElementError (/Users/johnroberts/TradeYa Exp/node_modules/@testing-library/react/node_modules/@testing-library/dom/dist/config.js:37:19)\n    at /Users/johnroberts/TradeYa Exp/node_modules/@testing-library/react/node_modules/@testing-library/dom/dist/query-helpers.js:76:38\n    at /Users/johnroberts/TradeYa Exp/node_modules/@testing-library/react/node_modules/@testing-library/dom/dist/query-helpers.js:52:17\n    at getByText (/Users/johnroberts/TradeYa Exp/node_modules/@testing-library/react/node_modules/@testing-library/dom/dist/query-helpers.js:95:19)\n    at Object.<anonymous> (/Users/johnroberts/TradeYa Exp/src/components/ui/__tests__/EnhancedLoadingStates.test.tsx:365:19)\n    at Promise.then.completed (/Users/johnroberts/TradeYa Exp/node_modules/jest-circus/build/utils.js:298:28)\n    at new Promise (<anonymous>)\n    at callAsyncCircusFn (/Users/johnroberts/TradeYa Exp/node_modules/jest-circus/build/utils.js:231:10)\n    at _callCircusTest (/Users/johnroberts/TradeYa Exp/node_modules/jest-circus/build/run.js:316:40)\n    at async _runTest (/Users/johnroberts/TradeYa Exp/node_modules/jest-circus/build/run.js:252:3)\n    at async _runTestsForDescribeBlock (/Users/johnroberts/TradeYa Exp/node_modules/jest-circus/build/run.js:126:9)\n    at async _runTestsForDescribeBlock (/Users/johnroberts/TradeYa Exp/node_modules/jest-circus/build/run.js:121:9)\n    at async run (/Users/johnroberts/TradeYa Exp/node_modules/jest-circus/build/run.js:71:3)\n    at async runAndTransformResultsToJestFormat (/Users/johnroberts/TradeYa Exp/node_modules/jest-circus/build/legacy-code-todo-rewrite/jestAdapterInit.js:122:21)\n    at async jestAdapter (/Users/johnroberts/TradeYa Exp/node_modules/jest-circus/build/legacy-code-todo-rewrite/jestAdapter.js:79:19)\n    at async runTestInternal (/Users/johnroberts/TradeYa Exp/node_modules/jest-runner/build/runTest.js:367:16)\n    at async runTest (/Users/johnroberts/TradeYa Exp/node_modules/jest-runner/build/runTest.js:444:34)"],"fullName":"ProgressiveLoading should handle edge cases","invocations":1,"location":null,"numPassingAsserts":0,"retryReasons":[],"status":"failed","title":"should handle edge cases"},{"ancestorTitles":["Loading States Integration"],"duration":3,"failureDetails":[{"name":"TestingLibraryElementError"}],"failureMessages":["TestingLibraryElementError: Unable to find an element with the text: Show Contextual. This could be because the text is broken up by multiple elements. In this case, you can provide a function for your text matcher to make your matcher more flexible.\n\nIgnored nodes: comments, script, style\n\u001b[36m<body>\u001b[39m\n  \u001b[36m<div />\u001b[39m\n\u001b[36m</body>\u001b[39m\n    at Object.getElementError (/Users/johnroberts/TradeYa Exp/node_modules/@testing-library/react/node_modules/@testing-library/dom/dist/config.js:37:19)\n    at /Users/johnroberts/TradeYa Exp/node_modules/@testing-library/react/node_modules/@testing-library/dom/dist/query-helpers.js:76:38\n    at /Users/johnroberts/TradeYa Exp/node_modules/@testing-library/react/node_modules/@testing-library/dom/dist/query-helpers.js:52:17\n    at getByText (/Users/johnroberts/TradeYa Exp/node_modules/@testing-library/react/node_modules/@testing-library/dom/dist/query-helpers.js:95:19)\n    at /Users/johnroberts/TradeYa Exp/src/components/ui/__tests__/EnhancedLoadingStates.test.tsx:410:53\n    at act (/Users/johnroberts/TradeYa Exp/node_modules/react/cjs/react.development.js:2512:16)\n    at Object.<anonymous> (/Users/johnroberts/TradeYa Exp/src/components/ui/__tests__/EnhancedLoadingStates.test.tsx:410:14)\n    at Promise.then.completed (/Users/johnroberts/TradeYa Exp/node_modules/jest-circus/build/utils.js:298:28)\n    at new Promise (<anonymous>)\n    at callAsyncCircusFn (/Users/johnroberts/TradeYa Exp/node_modules/jest-circus/build/utils.js:231:10)\n    at _callCircusTest (/Users/johnroberts/TradeYa Exp/node_modules/jest-circus/build/run.js:316:40)\n    at async _runTest (/Users/johnroberts/TradeYa Exp/node_modules/jest-circus/build/run.js:252:3)\n    at async _runTestsForDescribeBlock (/Users/johnroberts/TradeYa Exp/node_modules/jest-circus/build/run.js:126:9)\n    at async _runTestsForDescribeBlock (/Users/johnroberts/TradeYa Exp/node_modules/jest-circus/build/run.js:121:9)\n    at async run (/Users/johnroberts/TradeYa Exp/node_modules/jest-circus/build/run.js:71:3)\n    at async runAndTransformResultsToJestFormat (/Users/johnroberts/TradeYa Exp/node_modules/jest-circus/build/legacy-code-todo-rewrite/jestAdapterInit.js:122:21)\n    at async jestAdapter (/Users/johnroberts/TradeYa Exp/node_modules/jest-circus/build/legacy-code-todo-rewrite/jestAdapter.js:79:19)\n    at async runTestInternal (/Users/johnroberts/TradeYa Exp/node_modules/jest-runner/build/runTest.js:367:16)\n    at async runTest (/Users/johnroberts/TradeYa Exp/node_modules/jest-runner/build/runTest.js:444:34)"],"fullName":"Loading States Integration should work together in complex scenarios","invocations":1,"location":null,"numPassingAsserts":0,"retryReasons":[],"status":"failed","title":"should work together in complex scenarios"},{"ancestorTitles":["Loading States Integration"],"duration":2,"failureDetails":[],"failureMessages":[],"fullName":"Loading States Integration should maintain performance with multiple loading states","invocations":1,"location":null,"numPassingAsserts":1,"retryReasons":[],"status":"passed","title":"should maintain performance with multiple loading states"}],"endTime":1757548605801,"message":"\u001b[1m\u001b[31m  \u001b[1m● \u001b[22m\u001b[1mLoadingSpinner › should apply variant styles correctly\u001b[39m\u001b[22m\n\n    \u001b[2mexpect(\u001b[22m\u001b[31melement\u001b[39m\u001b[2m).toHaveClass(\u001b[22m\u001b[32m\u001b[32m\"glassmorphic\"\u001b[39m\u001b[32m\u001b[39m\u001b[2m)\u001b[22m\n\n    Expected the element to have class:\n    \u001b[32m  glassmorphic\u001b[39m\n    Received:\n\u001b[2m\u001b[22m\n\u001b[2m    \u001b[0m \u001b[90m 92 |\u001b[39m     \u001b[22m\n\u001b[2m     \u001b[90m 93 |\u001b[39m     \u001b[36mlet\u001b[39m container \u001b[33m=\u001b[39m screen\u001b[33m.\u001b[39mgetByRole(\u001b[32m'status'\u001b[39m\u001b[33m,\u001b[39m { hidden\u001b[33m:\u001b[39m \u001b[36mtrue\u001b[39m })\u001b[33m.\u001b[39mparentElement\u001b[33m;\u001b[39m\u001b[22m\n\u001b[2m    \u001b[31m\u001b[1m>\u001b[22m\u001b[2m\u001b[39m\u001b[90m 94 |\u001b[39m     expect(container)\u001b[33m.\u001b[39mtoHaveClass(\u001b[32m'glassmorphic'\u001b[39m)\u001b[33m;\u001b[39m\u001b[22m\n\u001b[2m     \u001b[90m    |\u001b[39m                       \u001b[31m\u001b[1m^\u001b[22m\u001b[2m\u001b[39m\u001b[22m\n\u001b[2m     \u001b[90m 95 |\u001b[39m\u001b[22m\n\u001b[2m     \u001b[90m 96 |\u001b[39m     rerender(\u001b[33m<\u001b[39m\u001b[33mLoadingSpinner\u001b[39m variant\u001b[33m=\u001b[39m\u001b[32m\"minimal\"\u001b[39m \u001b[33m/\u001b[39m\u001b[33m>\u001b[39m)\u001b[33m;\u001b[39m\u001b[22m\n\u001b[2m     \u001b[90m 97 |\u001b[39m     container \u001b[33m=\u001b[39m screen\u001b[33m.\u001b[39mgetByRole(\u001b[32m'status'\u001b[39m\u001b[33m,\u001b[39m { hidden\u001b[33m:\u001b[39m \u001b[36mtrue\u001b[39m })\u001b[33m.\u001b[39mparentElement\u001b[33m;\u001b[39m\u001b[0m\u001b[22m\n\u001b[2m\u001b[22m\n\u001b[2m      \u001b[2mat Object.<anonymous> (\u001b[22m\u001b[2m\u001b[0m\u001b[36msrc/components/ui/__tests__/EnhancedLoadingStates.test.tsx\u001b[39m\u001b[0m\u001b[2m:94:23)\u001b[22m\u001b[2m\u001b[22m\n\n\u001b[1m\u001b[31m  \u001b[1m● \u001b[22m\u001b[1mLoadingSpinner › should be accessible\u001b[39m\u001b[22m\n\n    \u001b[2mexpect(\u001b[22m\u001b[31melement\u001b[39m\u001b[2m).toHaveAttribute(\u001b[22m\u001b[32m\u001b[32m\"aria-label\"\u001b[39m\u001b[32m\u001b[39m\u001b[2m, \u001b[22m\u001b[32m\u001b[32mStringContaining \"loading\"\u001b[39m\u001b[32m\u001b[39m\u001b[2m) // element.getAttribute(\"aria-label\") === StringContaining \"loading\"\u001b[22m\n\n    Expected the element to have attribute:\n    \u001b[32m  aria-label=StringContaining \"loading\"\u001b[39m\n    Received:\n    \u001b[31m  null\u001b[39m\n\u001b[2m\u001b[22m\n\u001b[2m    \u001b[0m \u001b[90m 103 |\u001b[39m     \u001b[22m\n\u001b[2m     \u001b[90m 104 |\u001b[39m     \u001b[36mconst\u001b[39m spinner \u001b[33m=\u001b[39m screen\u001b[33m.\u001b[39mgetByRole(\u001b[32m'status'\u001b[39m\u001b[33m,\u001b[39m { hidden\u001b[33m:\u001b[39m \u001b[36mtrue\u001b[39m })\u001b[33m;\u001b[39m\u001b[22m\n\u001b[2m    \u001b[31m\u001b[1m>\u001b[22m\u001b[2m\u001b[39m\u001b[90m 105 |\u001b[39m     expect(spinner)\u001b[33m.\u001b[39mtoHaveAttribute(\u001b[32m'aria-label'\u001b[39m\u001b[33m,\u001b[39m expect\u001b[33m.\u001b[39mstringContaining(\u001b[32m'loading'\u001b[39m))\u001b[33m;\u001b[39m\u001b[22m\n\u001b[2m     \u001b[90m     |\u001b[39m                     \u001b[31m\u001b[1m^\u001b[22m\u001b[2m\u001b[39m\u001b[22m\n\u001b[2m     \u001b[90m 106 |\u001b[39m   })\u001b[33m;\u001b[39m\u001b[22m\n\u001b[2m     \u001b[90m 107 |\u001b[39m })\u001b[33m;\u001b[39m\u001b[22m\n\u001b[2m     \u001b[90m 108 |\u001b[39m\u001b[0m\u001b[22m\n\u001b[2m\u001b[22m\n\u001b[2m      \u001b[2mat Object.<anonymous> (\u001b[22m\u001b[2m\u001b[0m\u001b[36msrc/components/ui/__tests__/EnhancedLoadingStates.test.tsx\u001b[39m\u001b[0m\u001b[2m:105:21)\u001b[22m\u001b[2m\u001b[22m\n\n\u001b[1m\u001b[31m  \u001b[1m● \u001b[22m\u001b[1mContextualLoading › should handle retry action click\u001b[39m\u001b[22m\n\n    thrown: \"Exceeded timeout of 5000 ms for a test.\n    Add a timeout value to this test to increase the timeout, if this is a long-running test. See https://jestjs.io/docs/api#testname-fn-timeout.\"\n\u001b[2m\u001b[22m\n\u001b[2m    \u001b[0m \u001b[90m 184 |\u001b[39m   })\u001b[33m;\u001b[39m\u001b[22m\n\u001b[2m     \u001b[90m 185 |\u001b[39m\u001b[22m\n\u001b[2m    \u001b[31m\u001b[1m>\u001b[22m\u001b[2m\u001b[39m\u001b[90m 186 |\u001b[39m   it(\u001b[32m'should handle retry action click'\u001b[39m\u001b[33m,\u001b[39m \u001b[36masync\u001b[39m () \u001b[33m=>\u001b[39m {\u001b[22m\n\u001b[2m     \u001b[90m     |\u001b[39m   \u001b[31m\u001b[1m^\u001b[22m\u001b[2m\u001b[39m\u001b[22m\n\u001b[2m     \u001b[90m 187 |\u001b[39m     \u001b[36mconst\u001b[39m user \u001b[33m=\u001b[39m userEvent\u001b[33m.\u001b[39msetup()\u001b[33m;\u001b[39m\u001b[22m\n\u001b[2m     \u001b[90m 188 |\u001b[39m     \u001b[36mconst\u001b[39m retryAction \u001b[33m=\u001b[39m jest\u001b[33m.\u001b[39mfn()\u001b[33m;\u001b[39m\u001b[22m\n\u001b[2m     \u001b[90m 189 |\u001b[39m     \u001b[0m\u001b[22m\n\u001b[2m\u001b[22m\n\u001b[2m      \u001b[2mat \u001b[22m\u001b[2m\u001b[0m\u001b[36msrc/components/ui/__tests__/EnhancedLoadingStates.test.tsx\u001b[39m\u001b[0m\u001b[2m:186:3\u001b[22m\u001b[2m\u001b[22m\n\u001b[2m      \u001b[2mat Object.<anonymous> (\u001b[22m\u001b[2m\u001b[0m\u001b[36msrc/components/ui/__tests__/EnhancedLoadingStates.test.tsx\u001b[39m\u001b[0m\u001b[2m:109:1)\u001b[22m\u001b[2m\u001b[22m\n\n\u001b[1m\u001b[31m  \u001b[1m● \u001b[22m\u001b[1mContextualLoading › should show elapsed time\u001b[39m\u001b[22m\n\n    TestingLibraryElementError: Unable to find an element with the text: /3s elapsed/i. This could be because the text is broken up by multiple elements. In this case, you can provide a function for your text matcher to make your matcher more flexible.\n\n    Ignored nodes: comments, script, style\n    \u001b[36m<body>\u001b[39m\n      \u001b[36m<div />\u001b[39m\n    \u001b[36m</body>\u001b[39m\n\u001b[2m\u001b[22m\n\u001b[2m    \u001b[0m \u001b[90m 214 |\u001b[39m     act(() \u001b[33m=>\u001b[39m { jest\u001b[33m.\u001b[39madvanceTimersByTime(\u001b[35m3000\u001b[39m)\u001b[33m;\u001b[39m })\u001b[33m;\u001b[39m\u001b[22m\n\u001b[2m     \u001b[90m 215 |\u001b[39m     \u001b[22m\n\u001b[2m    \u001b[31m\u001b[1m>\u001b[22m\u001b[2m\u001b[39m\u001b[90m 216 |\u001b[39m     expect(screen\u001b[33m.\u001b[39mgetByText(\u001b[35m/3s elapsed/i\u001b[39m))\u001b[33m.\u001b[39mtoBeInTheDocument()\u001b[33m;\u001b[39m\u001b[22m\n\u001b[2m     \u001b[90m     |\u001b[39m                   \u001b[31m\u001b[1m^\u001b[22m\u001b[2m\u001b[39m\u001b[22m\n\u001b[2m     \u001b[90m 217 |\u001b[39m   })\u001b[33m;\u001b[39m\u001b[22m\n\u001b[2m     \u001b[90m 218 |\u001b[39m\u001b[22m\n\u001b[2m     \u001b[90m 219 |\u001b[39m   it(\u001b[32m'should show estimated remaining time'\u001b[39m\u001b[33m,\u001b[39m () \u001b[33m=>\u001b[39m {\u001b[0m\u001b[22m\n\u001b[2m\u001b[22m\n\u001b[2m      \u001b[2mat Object.getElementError (\u001b[22m\u001b[2mnode_modules/@testing-library/react/node_modules/@testing-library/dom/dist/config.js\u001b[2m:37:19)\u001b[22m\u001b[2m\u001b[22m\n\u001b[2m      \u001b[2mat \u001b[22m\u001b[2mnode_modules/@testing-library/react/node_modules/@testing-library/dom/dist/query-helpers.js\u001b[2m:76:38\u001b[22m\u001b[2m\u001b[22m\n\u001b[2m      \u001b[2mat \u001b[22m\u001b[2mnode_modules/@testing-library/react/node_modules/@testing-library/dom/dist/query-helpers.js\u001b[2m:52:17\u001b[22m\u001b[2m\u001b[22m\n\u001b[2m      \u001b[2mat getByText (\u001b[22m\u001b[2mnode_modules/@testing-library/react/node_modules/@testing-library/dom/dist/query-helpers.js\u001b[2m:95:19)\u001b[22m\u001b[2m\u001b[22m\n\u001b[2m      \u001b[2mat Object.<anonymous> (\u001b[22m\u001b[2m\u001b[0m\u001b[36msrc/components/ui/__tests__/EnhancedLoadingStates.test.tsx\u001b[39m\u001b[0m\u001b[2m:216:19)\u001b[22m\u001b[2m\u001b[22m\n\n\u001b[1m\u001b[31m  \u001b[1m● \u001b[22m\u001b[1mContextualLoading › should show estimated remaining time\u001b[39m\u001b[22m\n\n    TestingLibraryElementError: Unable to find an element with the text: /~7s remaining/i. This could be because the text is broken up by multiple elements. In this case, you can provide a function for your text matcher to make your matcher more flexible.\n\n    Ignored nodes: comments, script, style\n    \u001b[36m<body>\u001b[39m\n      \u001b[36m<div />\u001b[39m\n    \u001b[36m</body>\u001b[39m\n\u001b[2m\u001b[22m\n\u001b[2m    \u001b[0m \u001b[90m 222 |\u001b[39m     act(() \u001b[33m=>\u001b[39m { jest\u001b[33m.\u001b[39madvanceTimersByTime(\u001b[35m3000\u001b[39m)\u001b[33m;\u001b[39m })\u001b[33m;\u001b[39m\u001b[22m\n\u001b[2m     \u001b[90m 223 |\u001b[39m     \u001b[22m\n\u001b[2m    \u001b[31m\u001b[1m>\u001b[22m\u001b[2m\u001b[39m\u001b[90m 224 |\u001b[39m     expect(screen\u001b[33m.\u001b[39mgetByText(\u001b[35m/~7s remaining/i\u001b[39m))\u001b[33m.\u001b[39mtoBeInTheDocument()\u001b[33m;\u001b[39m\u001b[22m\n\u001b[2m     \u001b[90m     |\u001b[39m                   \u001b[31m\u001b[1m^\u001b[22m\u001b[2m\u001b[39m\u001b[22m\n\u001b[2m     \u001b[90m 225 |\u001b[39m   })\u001b[33m;\u001b[39m\u001b[22m\n\u001b[2m     \u001b[90m 226 |\u001b[39m })\u001b[33m;\u001b[39m\u001b[22m\n\u001b[2m     \u001b[90m 227 |\u001b[39m\u001b[0m\u001b[22m\n\u001b[2m\u001b[22m\n\u001b[2m      \u001b[2mat Object.getElementError (\u001b[22m\u001b[2mnode_modules/@testing-library/react/node_modules/@testing-library/dom/dist/config.js\u001b[2m:37:19)\u001b[22m\u001b[2m\u001b[22m\n\u001b[2m      \u001b[2mat \u001b[22m\u001b[2mnode_modules/@testing-library/react/node_modules/@testing-library/dom/dist/query-helpers.js\u001b[2m:76:38\u001b[22m\u001b[2m\u001b[22m\n\u001b[2m      \u001b[2mat \u001b[22m\u001b[2mnode_modules/@testing-library/react/node_modules/@testing-library/dom/dist/query-helpers.js\u001b[2m:52:17\u001b[22m\u001b[2m\u001b[22m\n\u001b[2m      \u001b[2mat getByText (\u001b[22m\u001b[2mnode_modules/@testing-library/react/node_modules/@testing-library/dom/dist/query-helpers.js\u001b[2m:95:19)\u001b[22m\u001b[2m\u001b[22m\n\u001b[2m      \u001b[2mat Object.<anonymous> (\u001b[22m\u001b[2m\u001b[0m\u001b[36msrc/components/ui/__tests__/EnhancedLoadingStates.test.tsx\u001b[39m\u001b[0m\u001b[2m:224:19)\u001b[22m\u001b[2m\u001b[22m\n\n\u001b[1m\u001b[31m  \u001b[1m● \u001b[22m\u001b[1mSkeletonLoading › should render card skeleton\u001b[39m\u001b[22m\n\n    TestingLibraryElementError: Unable to find an accessible element with the role \"presentation\"\n\n    There are no accessible roles. But there might be some inaccessible roles. If you wish to access them, then set the `hidden` option to `true`. Learn more about this here: https://testing-library.com/docs/dom-testing-library/api-queries#byrole\n\n    Ignored nodes: comments, script, style\n    \u001b[36m<body>\u001b[39m\n      \u001b[36m<div />\u001b[39m\n    \u001b[36m</body>\u001b[39m\n\u001b[2m\u001b[22m\n\u001b[2m    \u001b[0m \u001b[90m 230 |\u001b[39m     render(\u001b[33m<\u001b[39m\u001b[33mSkeletonLoading\u001b[39m type\u001b[33m=\u001b[39m\u001b[32m\"card\"\u001b[39m \u001b[33m/\u001b[39m\u001b[33m>\u001b[39m)\u001b[33m;\u001b[39m\u001b[22m\n\u001b[2m     \u001b[90m 231 |\u001b[39m     \u001b[22m\n\u001b[2m    \u001b[31m\u001b[1m>\u001b[22m\u001b[2m\u001b[39m\u001b[90m 232 |\u001b[39m     \u001b[36mconst\u001b[39m skeletons \u001b[33m=\u001b[39m screen\u001b[33m.\u001b[39mgetAllByRole(\u001b[32m'presentation'\u001b[39m)\u001b[33m;\u001b[39m\u001b[22m\n\u001b[2m     \u001b[90m     |\u001b[39m                              \u001b[31m\u001b[1m^\u001b[22m\u001b[2m\u001b[39m\u001b[22m\n\u001b[2m     \u001b[90m 233 |\u001b[39m     expect(skeletons\u001b[33m.\u001b[39mlength)\u001b[33m.\u001b[39mtoBeGreaterThan(\u001b[35m0\u001b[39m)\u001b[33m;\u001b[39m\u001b[22m\n\u001b[2m     \u001b[90m 234 |\u001b[39m   })\u001b[33m;\u001b[39m\u001b[22m\n\u001b[2m     \u001b[90m 235 |\u001b[39m\u001b[0m\u001b[22m\n\u001b[2m\u001b[22m\n\u001b[2m      \u001b[2mat Object.getElementError (\u001b[22m\u001b[2mnode_modules/@testing-library/react/node_modules/@testing-library/dom/dist/config.js\u001b[2m:37:19)\u001b[22m\u001b[2m\u001b[22m\n\u001b[2m      \u001b[2mat \u001b[22m\u001b[2mnode_modules/@testing-library/react/node_modules/@testing-library/dom/dist/query-helpers.js\u001b[2m:76:38\u001b[22m\u001b[2m\u001b[22m\n\u001b[2m      \u001b[2mat getAllByRole (\u001b[22m\u001b[2mnode_modules/@testing-library/react/node_modules/@testing-library/dom/dist/query-helpers.js\u001b[2m:109:15)\u001b[22m\u001b[2m\u001b[22m\n\u001b[2m      \u001b[2mat Object.<anonymous> (\u001b[22m\u001b[2m\u001b[0m\u001b[36msrc/components/ui/__tests__/EnhancedLoadingStates.test.tsx\u001b[39m\u001b[0m\u001b[2m:232:30)\u001b[22m\u001b[2m\u001b[22m\n\n\u001b[1m\u001b[31m  \u001b[1m● \u001b[22m\u001b[1mSkeletonLoading › should render list skeleton\u001b[39m\u001b[22m\n\n    TestingLibraryElementError: Unable to find an accessible element with the role \"presentation\"\n\n    There are no accessible roles. But there might be some inaccessible roles. If you wish to access them, then set the `hidden` option to `true`. Learn more about this here: https://testing-library.com/docs/dom-testing-library/api-queries#byrole\n\n    Ignored nodes: comments, script, style\n    \u001b[36m<body>\u001b[39m\n      \u001b[36m<div />\u001b[39m\n    \u001b[36m</body>\u001b[39m\n\u001b[2m\u001b[22m\n\u001b[2m    \u001b[0m \u001b[90m 238 |\u001b[39m     \u001b[22m\n\u001b[2m     \u001b[90m 239 |\u001b[39m     \u001b[90m// Should render multiple list items\u001b[39m\u001b[22m\n\u001b[2m    \u001b[31m\u001b[1m>\u001b[22m\u001b[2m\u001b[39m\u001b[90m 240 |\u001b[39m     \u001b[36mconst\u001b[39m listItems \u001b[33m=\u001b[39m screen\u001b[33m.\u001b[39mgetAllByRole(\u001b[32m'presentation'\u001b[39m)\u001b[33m;\u001b[39m\u001b[22m\n\u001b[2m     \u001b[90m     |\u001b[39m                              \u001b[31m\u001b[1m^\u001b[22m\u001b[2m\u001b[39m\u001b[22m\n\u001b[2m     \u001b[90m 241 |\u001b[39m     expect(listItems\u001b[33m.\u001b[39mlength)\u001b[33m.\u001b[39mtoBeGreaterThan(\u001b[35m2\u001b[39m)\u001b[33m;\u001b[39m\u001b[22m\n\u001b[2m     \u001b[90m 242 |\u001b[39m   })\u001b[33m;\u001b[39m\u001b[22m\n\u001b[2m     \u001b[90m 243 |\u001b[39m\u001b[0m\u001b[22m\n\u001b[2m\u001b[22m\n\u001b[2m      \u001b[2mat Object.getElementError (\u001b[22m\u001b[2mnode_modules/@testing-library/react/node_modules/@testing-library/dom/dist/config.js\u001b[2m:37:19)\u001b[22m\u001b[2m\u001b[22m\n\u001b[2m      \u001b[2mat \u001b[22m\u001b[2mnode_modules/@testing-library/react/node_modules/@testing-library/dom/dist/query-helpers.js\u001b[2m:76:38\u001b[22m\u001b[2m\u001b[22m\n\u001b[2m      \u001b[2mat getAllByRole (\u001b[22m\u001b[2mnode_modules/@testing-library/react/node_modules/@testing-library/dom/dist/query-helpers.js\u001b[2m:109:15)\u001b[22m\u001b[2m\u001b[22m\n\u001b[2m      \u001b[2mat Object.<anonymous> (\u001b[22m\u001b[2m\u001b[0m\u001b[36msrc/components/ui/__tests__/EnhancedLoadingStates.test.tsx\u001b[39m\u001b[0m\u001b[2m:240:30)\u001b[22m\u001b[2m\u001b[22m\n\n\u001b[1m\u001b[31m  \u001b[1m● \u001b[22m\u001b[1mSkeletonLoading › should render profile skeleton\u001b[39m\u001b[22m\n\n    TestingLibraryElementError: Unable to find an accessible element with the role \"presentation\"\n\n    There are no accessible roles. But there might be some inaccessible roles. If you wish to access them, then set the `hidden` option to `true`. Learn more about this here: https://testing-library.com/docs/dom-testing-library/api-queries#byrole\n\n    Ignored nodes: comments, script, style\n    \u001b[36m<body>\u001b[39m\n      \u001b[36m<div />\u001b[39m\n    \u001b[36m</body>\u001b[39m\n\u001b[2m\u001b[22m\n\u001b[2m    \u001b[0m \u001b[90m 246 |\u001b[39m     \u001b[22m\n\u001b[2m     \u001b[90m 247 |\u001b[39m     \u001b[90m// Should include avatar placeholder\u001b[39m\u001b[22m\n\u001b[2m    \u001b[31m\u001b[1m>\u001b[22m\u001b[2m\u001b[39m\u001b[90m 248 |\u001b[39m     \u001b[36mconst\u001b[39m avatarPlaceholder \u001b[33m=\u001b[39m screen\u001b[33m.\u001b[39mgetByRole(\u001b[32m'presentation'\u001b[39m)\u001b[33m;\u001b[39m\u001b[22m\n\u001b[2m     \u001b[90m     |\u001b[39m                                      \u001b[31m\u001b[1m^\u001b[22m\u001b[2m\u001b[39m\u001b[22m\n\u001b[2m     \u001b[90m 249 |\u001b[39m     expect(avatarPlaceholder)\u001b[33m.\u001b[39mtoHaveClass(\u001b[32m'rounded-full'\u001b[39m)\u001b[33m;\u001b[39m\u001b[22m\n\u001b[2m     \u001b[90m 250 |\u001b[39m   })\u001b[33m;\u001b[39m\u001b[22m\n\u001b[2m     \u001b[90m 251 |\u001b[39m\u001b[0m\u001b[22m\n\u001b[2m\u001b[22m\n\u001b[2m      \u001b[2mat Object.getElementError (\u001b[22m\u001b[2mnode_modules/@testing-library/react/node_modules/@testing-library/dom/dist/config.js\u001b[2m:37:19)\u001b[22m\u001b[2m\u001b[22m\n\u001b[2m      \u001b[2mat \u001b[22m\u001b[2mnode_modules/@testing-library/react/node_modules/@testing-library/dom/dist/query-helpers.js\u001b[2m:76:38\u001b[22m\u001b[2m\u001b[22m\n\u001b[2m      \u001b[2mat \u001b[22m\u001b[2mno
[...]
should show progress text by default"},{"ancestorTitles":["TradeProgressRing","Basic Rendering"],"duration":3,"failureDetails":[],"failureMessages":[],"fullName":"TradeProgressRing Basic Rendering should hide progress text when showProgress is false","invocations":1,"location":null,"numPassingAsserts":1,"retryReasons":[],"status":"passed","title":"should hide progress text when showProgress is false"},{"ancestorTitles":["TradeProgressRing","Progress Values"],"duration":4,"failureDetails":[],"failureMessages":[],"fullName":"TradeProgressRing Progress Values should handle 0% progress","invocations":1,"location":null,"numPassingAsserts":2,"retryReasons":[],"status":"passed","title":"should handle 0% progress"},{"ancestorTitles":["TradeProgressRing","Progress Values"],"duration":4,"failureDetails":[],"failureMessages":[],"fullName":"TradeProgressRing Progress Values should handle 100% progress","invocations":1,"location":null,"numPassingAsserts":2,"retryReasons":[],"status":"passed","title":"should handle 100% progress"},{"ancestorTitles":["TradeProgressRing","Progress Values"],"duration":7,"failureDetails":[],"failureMessages":[],"fullName":"TradeProgressRing Progress Values should clamp progress values above 100","invocations":1,"location":null,"numPassingAsserts":2,"retryReasons":[],"status":"passed","title":"should clamp progress values above 100"},{"ancestorTitles":["TradeProgressRing","Progress Values"],"duration":4,"failureDetails":[],"failureMessages":[],"fullName":"TradeProgressRing Progress Values should clamp progress values below 0","invocations":1,"location":null,"numPassingAsserts":2,"retryReasons":[],"status":"passed","title":"should clamp progress values below 0"},{"ancestorTitles":["TradeProgressRing","Sizes"],"duration":4,"failureDetails":[],"failureMessages":[],"fullName":"TradeProgressRing Sizes should render sm size correctly","invocations":1,"location":null,"numPassingAsserts":2,"retryReasons":[],"status":"passed","title":"should render sm size correctly"},{"ancestorTitles":["TradeProgressRing","Sizes"],"duration":6,"failureDetails":[],"failureMessages":[],"fullName":"TradeProgressRing Sizes should render md size correctly","invocations":1,"location":null,"numPassingAsserts":2,"retryReasons":[],"status":"passed","title":"should render md size correctly"},{"ancestorTitles":["TradeProgressRing","Sizes"],"duration":4,"failureDetails":[],"failureMessages":[],"fullName":"TradeProgressRing Sizes should render lg size correctly","invocations":1,"location":null,"numPassingAsserts":2,"retryReasons":[],"status":"passed","title":"should render lg size correctly"},{"ancestorTitles":["TradeProgressRing","Sizes"],"duration":7,"failureDetails":[],"failureMessages":[],"fullName":"TradeProgressRing Sizes should render xl size correctly","invocations":1,"location":null,"numPassingAsserts":2,"retryReasons":[],"status":"passed","title":"should render xl size correctly"},{"ancestorTitles":["TradeProgressRing","Trading Context"],"duration":5,"failureDetails":[],"failureMessages":[],"fullName":"TradeProgressRing Trading Context should render with proposal trading context","invocations":1,"location":null,"numPassingAsserts":1,"retryReasons":[],"status":"passed","title":"should render with proposal trading context"},{"ancestorTitles":["TradeProgressRing","Trading Context"],"duration":4,"failureDetails":[],"failureMessages":[],"fullName":"TradeProgressRing Trading Context should render with negotiation trading context","invocations":1,"location":null,"numPassingAsserts":1,"retryReasons":[],"status":"passed","title":"should render with negotiation trading context"},{"ancestorTitles":["TradeProgressRing","Trading Context"],"duration":3,"failureDetails":[],"failureMessages":[],"fullName":"TradeProgressRing Trading Context should render with confirmation trading context","invocations":1,"location":null,"numPassingAsserts":1,"retryReasons":[],"status":"passed","title":"should render with confirmation trading context"},{"ancestorTitles":["TradeProgressRing","Trading Context"],"duration":4,"failureDetails":[],"failureMessages":[],"fullName":"TradeProgressRing Trading Context should render with completion trading context","invocations":1,"location":null,"numPassingAsserts":1,"retryReasons":[],"status":"passed","title":"should render with completion trading context"},{"ancestorTitles":["TradeProgressRing","Trading Context"],"duration":4,"failureDetails":[],"failureMessages":[],"fullName":"TradeProgressRing Trading Context should render with general trading context","invocations":1,"location":null,"numPassingAsserts":1,"retryReasons":[],"status":"passed","title":"should render with general trading context"},{"ancestorTitles":["TradeProgressRing","Custom Labels"],"duration":5,"failureDetails":[],"failureMessages":[],"fullName":"TradeProgressRing Custom Labels should show custom label when provided","invocations":1,"location":null,"numPassingAsserts":2,"retryReasons":[],"status":"passed","title":"should show custom label when provided"},{"ancestorTitles":["TradeProgressRing","Custom Labels"],"duration":3,"failureDetails":[],"failureMessages":[],"fullName":"TradeProgressRing Custom Labels should show only custom label when showProgress is false","invocations":1,"location":null,"numPassingAsserts":2,"retryReasons":[],"status":"passed","title":"should show only custom label when showProgress is false"},{"ancestorTitles":["TradeProgressRing","Animation Triggers"],"duration":2,"failureDetails":[],"failureMessages":[],"fullName":"TradeProgressRing Animation Triggers should trigger animation on mount","invocations":1,"location":null,"numPassingAsserts":1,"retryReasons":[],"status":"passed","title":"should trigger animation on mount"},{"ancestorTitles":["TradeProgressRing","Animation Triggers"],"duration":3,"failureDetails":[],"failureMessages":[],"fullName":"TradeProgressRing Animation Triggers should trigger animation when progress changes","invocations":1,"location":null,"numPassingAsserts":2,"retryReasons":[],"status":"passed","title":"should trigger animation when progress changes"},{"ancestorTitles":["TradeProgressRing","Animation Triggers"],"duration":3,"failureDetails":[],"failureMessages":[],"fullName":"TradeProgressRing Animation Triggers should not trigger animation when showAnimation is false","invocations":1,"location":null,"numPassingAsserts":1,"retryReasons":[],"status":"passed","title":"should not trigger animation when showAnimation is false"},{"ancestorTitles":["TradeProgressRing","Completion Celebration"],"duration":3,"failureDetails":[],"failureMessages":[],"fullName":"TradeProgressRing Completion Celebration should trigger celebration animation at 100% progress","invocations":1,"location":null,"numPassingAsserts":1,"retryReasons":[],"status":"passed","title":"should trigger celebration animation at 100% progress"},{"ancestorTitles":["TradeProgressRing","Completion Celebration"],"duration":5,"failureDetails":[],"failureMessages":[],"fullName":"TradeProgressRing Completion Celebration should show completion checkmark at 100%","invocations":1,"location":null,"numPassingAsserts":1,"retryReasons":[],"status":"passed","title":"should show completion checkmark at 100%"},{"ancestorTitles":["TradeProgressRing","Accessibility"],"duration":3,"failureDetails":[],"failureMessages":[],"fullName":"TradeProgressRing Accessibility should have proper ARIA attributes","invocations":1,"location":null,"numPassingAsserts":4,"retryReasons":[],"status":"passed","title":"should have proper ARIA attributes"},{"ancestorTitles":["TradeProgressRing","Accessibility"],"duration":4,"failureDetails":[],"failureMessages":[],"fullName":"TradeProgressRing Accessibility should use default aria-label when no label provided","invocations":1,"location":null,"numPassingAsserts":1,"retryReasons":[],"status":"passed","title":"should use default aria-label when no label provided"},{"ancestorTitles":["TradeProgressRing","Styling and Classes"],"duration":5,"failureDetails":[],"failureMessages":[],"fullName":"TradeProgressRing Styling and Classes should apply custom className","invocations":1,"location":null,"numPassingAsserts":1,"retryReasons":[],"status":"passed","title":"should apply custom className"},{"ancestorTitles":["TradeProgressRing","Styling and Classes"],"duration":4,"failureDetails":[],"failureMessages":[],"fullName":"TradeProgressRing Styling and Classes should apply animation styles","invocations":1,"location":null,"numPassingAsserts":1,"retryReasons":[],"status":"passed","title":"should apply animation styles"},{"ancestorTitles":["TradeProgressRing","SVG Gradient"],"duration":4,"failureDetails":[],"failureMessages":[],"fullName":"TradeProgressRing SVG Gradient should include TradeYa gradient definition","invocations":1,"location":null,"numPassingAsserts":2,"retryReasons":[],"status":"passed","title":"should include TradeYa gradient definition"},{"ancestorTitles":["TradeProgressRing","SVG Gradient"],"duration":5,"failureDetails":[],"failureMessages":[],"fullName":"TradeProgressRing SVG Gradient should apply gradient to progress circle","invocations":1,"location":null,"numPassingAsserts":1,"retryReasons":[],"status":"passed","title":"should apply gradient to progress circle"},{"ancestorTitles":["TradeProgressRing","Performance"],"duration":27,"failureDetails":[],"failureMessages":[],"fullName":"TradeProgressRing Performance should handle rapid progress updates","invocations":1,"location":null,"numPassingAsserts":11,"retryReasons":[],"status":"passed","title":"should handle rapid progress updates"}],"endTime":1757548617129,"message":"","name":"/Users/johnroberts/TradeYa Exp/src/components/animations/__tests__/TradeProgressRing.test.tsx","startTime":1757548616794,"status":"passed","summary":""},{"assertionResults":[{"ancestorTitles":["jest.setup"],"duration":1,"failureDetails":[],"failureMessages":[],"fullName":"jest.setup should pass","invocations":1,"location":null,"numPassingAsserts":1,"retryReasons":[],"status":"passed","title":"should pass"},{"ancestorTitles":["TradeStatusIndicator","Basic Rendering"],"duration":11,"failureDetails":[],"failureMessages":[],"fullName":"TradeStatusIndicator Basic Rendering should render with default props","invocations":1,"location":null,"numPassingAsserts":2,"retryReasons":[],"status":"passed","title":"should render with default props"},{"ancestorTitles":["TradeStatusIndicator","Basic Rendering"],"duration":20,"failureDetails":[],"failureMessages":[],"fullName":"TradeStatusIndicator Basic Rendering should render all status types","invocations":1,"location":null,"numPassingAsserts":6,"retryReasons":[],"status":"passed","title":"should render all status types"},{"ancestorTitles":["TradeStatusIndicator","Basic Rendering"],"duration":2,"failureDetails":[],"failureMessages":[],"fullName":"TradeStatusIndicator Basic Rendering should show status labels by default","invocations":1,"location":null,"numPassingAsserts":1,"retryReasons":[],"status":"passed","title":"should show status labels by default"},{"ancestorTitles":["TradeStatusIndicator","Basic Rendering"],"duration":1,"failureDetails":[],"failureMessages":[],"fullName":"TradeStatusIndicator Basic Rendering should hide labels when showLabel is false","invocations":1,"location":null,"numPassingAsserts":1,"retryReasons":[],"status":"passed","title":"should hide labels when showLabel is false"},{"ancestorTitles":["TradeStatusIndicator","Status Labels"],"duration":2,"failureDetails":[],"failureMessages":[],"fullName":"TradeStatusIndicator Status Labels should show correct label for pending status","invocations":1,"location":null,"numPassingAsserts":1,"retryReasons":[],"status":"passed","title":"should show correct label for pending status"},{"ancestorTitles":["TradeStatusIndicator","Status Labels"],"duration":1,"failureDetails":[],"failureMessages":[],"fullName":"TradeStatusIndicator Status Labels should show correct label for negotiating status","invocations":1,"location":null,"numPassingAsserts":1,"retryReasons":[],"status":"passed","title":"should show correct label for negotiating status"},{"ancestorTitles":["TradeStatusIndicator","Status Labels"],"duration":3,"failureDetails":[],"failureMessages":[],"fullName":"TradeStatusIndicator Status Labels should show correct label for confirmed status","invocations":1,"location":null,"numPassingAsserts":1,"retryReasons":[],"status":"passed","title":"should show correct label for confirmed status"},{"ancestorTitles":["TradeStatusIndicator","Status Labels"],"duration":2,"failureDetails":[],"failureMessages":[],"fullName":"TradeStatusIndicator Status Labels should show correct label for completed status","invocations":1,"location":null,"numPassingAsserts":1,"retryReasons":[],"status":"passed","title":"should show correct label for completed status"},{"ancestorTitles":["TradeStatusIndicator","Status Labels"],"duration":2,"failureDetails":[],"failureMessages":[],"fullName":"TradeStatusIndicator Status Labels should show correct label for cancelled status","invocations":1,"location":null,"numPassingAsserts":1,"retryReasons":[],"status":"passed","title":"should show correct label for cancelled status"},{"ancestorTitles":["TradeStatusIndicator","Status Labels"],"duration":2,"failureDetails":[],"failureMessages":[],"fullName":"TradeStatusIndicator Status Labels should show correct label for expired status","invocations":1,"location":null,"numPassingAsserts":1,"retryReasons":[],"status":"passed","title":"should show correct label for expired status"},{"ancestorTitles":["TradeStatusIndicator","Status Icons"],"duration":3,"failureDetails":[],"failureMessages":[],"fullName":"TradeStatusIndicator Status Icons should render pending status with pulsing animation","invocations":1,"location":null,"numPassingAsserts":1,"retryReasons":[],"status":"passed","title":"should render pending status with pulsing animation"},{"ancestorTitles":["TradeStatusIndicator","Status Icons"],"duration":4,"failureDetails":[],"failureMessages":[],"fullName":"TradeStatusIndicator Status Icons should render negotiating status with gradient animation","invocations":1,"location":null,"numPassingAsserts":1,"retryReasons":[],"status":"passed","title":"should render negotiating status with gradient animation"},{"ancestorTitles":["TradeStatusIndicator","Status Icons"],"duration":4,"failureDetails":[],"failureMessages":[],"fullName":"TradeStatusIndicator Status Icons should render confirmed status with checkmark","invocations":1,"location":null,"numPassingAsserts":1,"retryReasons":[],"status":"passed","title":"should render confirmed status with checkmark"},{"ancestorTitles":["TradeStatusIndicator","Status Icons"],"duration":4,"failureDetails":[],"failureMessages":[],"fullName":"TradeStatusIndicator Status Icons should render completed status with bouncing checkmark","invocations":1,"location":null,"numPassingAsserts":1,"retryReasons":[],"status":"passed","title":"should render completed status with bouncing checkmark"},{"ancestorTitles":["TradeStatusIndicator","Status Icons"],"duration":4,"failureDetails":[],"failureMessages":[],"fullName":"TradeStatusIndicator Status Icons should render cancelled status with X icon","invocations":1,"location":null,"numPassingAsserts":1,"retryReasons":[],"status":"passed","title":"should render cancelled status with X icon"},{"ancestorTitles":["TradeStatusIndicator","Status Icons"],"duration":8,"failureDetails":[],"failureMessages":[],"fullName":"TradeStatusIndicator Status Icons should render expired status with clock icon","invocations":1,"location":null,"numPassingAsserts":1,"retryReasons":[],"status":"passed","title":"should render expired status with clock icon"},{"ancestorTitles":["TradeStatusIndicator","Sizes"],"duration":3,"failureDetails":[],"failureMessages":[],"fullName":"TradeStatusIndicator Sizes should render sm size correctly","invocations":1,"location":null,"numPassingAsserts":1,"retryReasons":[],"status":"passed","title":"should render sm size correctly"},{"ancestorTitles":["TradeStatusIndicator","Sizes"],"duration":4,"failureDetails":[],"failureMessages":[],"fullName":"TradeStatusIndicator Sizes should render md size correctly","invocations":1,"location":null,"numPassingAsserts":1,"retryReasons":[],"status":"passed","title":"should render md size correctly"},{"ancestorTitles":["TradeStatusIndicator","Sizes"],"duration":4,"failureDetails":[],"failureMessages":[],"fullName":"TradeStatusIndicator Sizes should render lg size correctly","invocations":1,"location":null,"numPassingAsserts":1,"retryReasons":[],"status":"passed","title":"should render lg size correctly"},{"ancestorTitles":["TradeStatusIndicator","Animation Control"],"duration":3,"failureDetails":[],"failureMessages":[],"fullName":"TradeStatusIndicator Animation Control should trigger animation by default","invocations":1,"location":null,"numPassingAsserts":1,"retryReasons":[],"status":"passed","title":"should trigger animation by default"},{"ancestorTitles":["TradeStatusIndicator","Animation Control"],"duration":2,"failureDetails":[],"failureMessages":[],"fullName":"TradeStatusIndicator Animation Control should not trigger animation when showAnimation is false","invocations":1,"location":null,"numPassingAsserts":1,"retryReasons":[],"status":"passed","title":"should not trigger animation when showAnimation is false"},{"ancestorTitles":["TradeStatusIndicator","Animation Control"],"duration":4,"failureDetails":[],"failureMessages":[],"fullName":"TradeStatusIndicator Animation Control should trigger animation when status changes","invocations":1,"location":null,"numPassingAsserts":2,"retryReasons":[],"status":"passed","title":"should trigger animation when status changes"},{"ancestorTitles":["TradeStatusIndicator","Accessibility"],"duration":3,"failureDetails":[],"failureMessages":[],"fullName":"TradeStatusIndicator Accessibility should have proper role and aria-label","invocations":1,"location":null,"numPassingAsserts":1,"retryReasons":[],"status":"passed","title":"should have proper role and aria-label"},{"ancestorTitles":["TradeStatusIndicator","Accessibility"],"duration":5,"failureDetails":[],"failureMessages":[],"fullName":"TradeStatusIndicator Accessibility should update aria-label for different statuses","invocations":1,"location":null,"numPassingAsserts":2,"retryReasons":[],"status":"passed","title":"should update aria-label for different statuses"},{"ancestorTitles":["TradeStatusIndicator","Styling and Classes"],"duration":4,"failureDetails":[],"failureMessages":[],"fullName":"TradeStatusIndicator Styling and Classes should apply custom className","invocations":1,"location":null,"numPassingAsserts":1,"retryReasons":[],"status":"passed","title":"should apply custom className"},{"ancestorTitles":["TradeStatusIndicator","Styling and Classes"],"duration":4,"failureDetails":[],"failureMessages":[],"fullName":"TradeStatusIndicator Styling and Classes should apply animation styles","invocations":1,"location":null,"numPassingAsserts":1,"retryReasons":[],"status":"passed","title":"should apply animation styles"},{"ancestorTitles":["TradeStatusIndicator","Brand Color Integration"],"duration":11,"failureDetails":[],"failureMessages":[],"fullName":"TradeStatusIndicator Brand Color Integration should use correct brand colors for different statuses","invocations":1,"location":null,"numPassingAsserts":4,"retryReasons":[],"status":"passed","title":"should use correct brand colors for different statuses"},{"ancestorTitles":["TradeStatusIndicator","Performance"],"duration":16,"failureDetails":[],"failureMessages":[],"fullName":"TradeStatusIndicator Performance should handle rapid status changes without issues","invocations":1,"location":null,"numPassingAsserts":6,"retryReasons":[],"status":"passed","title":"should handle rapid status changes without issues"}],"endTime":1757548617456,"message":"","name":"/Users/johnroberts/TradeYa Exp/src/components/animations/__tests__/TradeStatusIndicator.test.tsx","startTime":1757548617139,"status":"passed","summary":""}],"wasInterrupted":false}
